TpTrace Verbose: 0 : 20756, 1, 2025/01/05, 02:49:18.623, 562339195149, vstest.console.dll, Version: 17.11.0-release-24352-05 Current process architecture: X64
TpTrace Verbose: 0 : 20756, 1, 2025/01/05, 02:49:18.626, 562339224721, vstest.console.dll, Runtime location: C:\Program Files\dotnet\shared\Microsoft.NETCore.App\8.0.8
TpTrace Verbose: 0 : 20756, 1, 2025/01/05, 02:49:18.632, 562339282386, vstest.console.dll, ArtifactProcessingPostProcessModeProcessorExecutor.Initialize: ArtifactProcessingMode.Collect
TpTrace Verbose: 0 : 20756, 1, 2025/01/05, 02:49:18.632, 562339284316, vstest.console.dll, TestSessionCorrelationIdProcessorModeProcessorExecutor.Initialize: TestSessionCorrelationId '22424_f7e13a81-5bde-4423-8b40-db0e6034bd26'
TpTrace Information: 0 : 20756, 1, 2025/01/05, 02:49:18.662, 562339585083, vstest.console.dll, FilePatternParser: The given file C:\Johnny\Assestment\BankingAppSolution\BankingAppUnitTesting\bin\Debug\net6.0\fine-code-coverage\build-output\BankingAppUnitTesting.dll is a full path.
TpTrace Verbose: 0 : 20756, 1, 2025/01/05, 02:49:18.675, 562339716901, vstest.console.dll, TestPluginCache.DiscoverTestExtensions: finding test extensions in assemblies ends with: RuntimeProvider.dll TPluginInfo: Microsoft.VisualStudio.TestPlatform.Common.ExtensionFramework.Utilities.TestRuntimePluginInformation TExtension: Microsoft.VisualStudio.TestPlatform.ObjectModel.Host.ITestRuntimeProvider
TpTrace Verbose: 0 : 20756, 1, 2025/01/05, 02:49:18.675, 562339720252, vstest.console.dll, TestPluginCache.GetExtensionPaths: Filtered extension paths: 
TpTrace Verbose: 0 : 20756, 1, 2025/01/05, 02:49:18.676, 562339721390, vstest.console.dll, TestPluginCache.GetExtensionPaths: Added default extension paths: C:\Program Files\dotnet\sdk\8.0.400\Extensions\Microsoft.Diagnostics.NETCore.Client.dll
C:\Program Files\dotnet\sdk\8.0.400\Extensions\Microsoft.TestPlatform.Extensions.BlameDataCollector.dll
C:\Program Files\dotnet\sdk\8.0.400\Extensions\Microsoft.TestPlatform.Extensions.EventLogCollector.dll
C:\Program Files\dotnet\sdk\8.0.400\Extensions\Microsoft.TestPlatform.TestHostRuntimeProvider.dll
C:\Program Files\dotnet\sdk\8.0.400\Extensions\Microsoft.VisualStudio.TestPlatform.Extensions.Html.TestLogger.dll
C:\Program Files\dotnet\sdk\8.0.400\Extensions\Microsoft.VisualStudio.TestPlatform.Extensions.Trx.TestLogger.dll
TpTrace Verbose: 0 : 20756, 1, 2025/01/05, 02:49:18.676, 562339721788, vstest.console.dll, TestPluginCache.GetExtensionPaths: Added unfilterableExtensionPaths: 
TpTrace Information: 0 : 20756, 1, 2025/01/05, 02:49:18.676, 562339728239, vstest.console.dll, AssemblyResolver.ctor: Creating AssemblyResolver with searchDirectories C:\Program Files\dotnet\sdk\8.0.400\Extensions,C:\Program Files\dotnet\sdk\8.0.400
TpTrace Verbose: 0 : 20756, 1, 2025/01/05, 02:49:18.683, 562339796600, vstest.console.dll, TestPluginCache.DiscoverTestExtensions: Discovering the extensions using extension path.
TpTrace Verbose: 0 : 20756, 1, 2025/01/05, 02:49:18.683, 562339799904, vstest.console.dll, TestPluginCache.GetExtensionPaths: Filtered extension paths: 
TpTrace Verbose: 0 : 20756, 1, 2025/01/05, 02:49:18.684, 562339801257, vstest.console.dll, TestPluginCache.GetExtensionPaths: Added default extension paths: C:\Program Files\dotnet\sdk\8.0.400\Extensions\Microsoft.Diagnostics.NETCore.Client.dll
C:\Program Files\dotnet\sdk\8.0.400\Extensions\Microsoft.TestPlatform.Extensions.BlameDataCollector.dll
C:\Program Files\dotnet\sdk\8.0.400\Extensions\Microsoft.TestPlatform.Extensions.EventLogCollector.dll
C:\Program Files\dotnet\sdk\8.0.400\Extensions\Microsoft.TestPlatform.TestHostRuntimeProvider.dll
C:\Program Files\dotnet\sdk\8.0.400\Extensions\Microsoft.VisualStudio.TestPlatform.Extensions.Html.TestLogger.dll
C:\Program Files\dotnet\sdk\8.0.400\Extensions\Microsoft.VisualStudio.TestPlatform.Extensions.Trx.TestLogger.dll
TpTrace Verbose: 0 : 20756, 1, 2025/01/05, 02:49:18.684, 562339801947, vstest.console.dll, TestPluginCache.GetExtensionPaths: Added unfilterableExtensionPaths: 
TpTrace Verbose: 0 : 20756, 1, 2025/01/05, 02:49:18.684, 562339803270, vstest.console.dll, TestPluginCache.DiscoverTestExtensions: Discovering the extensions using allExtensionPaths: C:\Program Files\dotnet\sdk\8.0.400\Extensions\Microsoft.Diagnostics.NETCore.Client.dll
C:\Program Files\dotnet\sdk\8.0.400\Extensions\Microsoft.TestPlatform.Extensions.BlameDataCollector.dll
C:\Program Files\dotnet\sdk\8.0.400\Extensions\Microsoft.TestPlatform.Extensions.EventLogCollector.dll
C:\Program Files\dotnet\sdk\8.0.400\Extensions\Microsoft.TestPlatform.TestHostRuntimeProvider.dll
C:\Program Files\dotnet\sdk\8.0.400\Extensions\Microsoft.VisualStudio.TestPlatform.Extensions.Html.TestLogger.dll
C:\Program Files\dotnet\sdk\8.0.400\Extensions\Microsoft.VisualStudio.TestPlatform.Extensions.Trx.TestLogger.dll
TpTrace Information: 0 : 20756, 1, 2025/01/05, 02:49:18.684, 562339806154, vstest.console.dll, AssemblyResolver.AddSearchDirectories: Adding more searchDirectories C:\Program Files\dotnet\sdk\8.0.400\Extensions,C:\Program Files\dotnet\sdk\8.0.400
TpTrace Information: 0 : 20756, 1, 2025/01/05, 02:49:18.684, 562339807208, vstest.console.dll, AssemblyResolver.AddSearchDirectories: Adding more searchDirectories C:\Program Files\dotnet\sdk\8.0.400\Extensions,C:\Program Files\dotnet\sdk\8.0.400
TpTrace Information: 0 : 20756, 1, 2025/01/05, 02:49:18.684, 562339807995, vstest.console.dll, AssemblyResolver.AddSearchDirectories: Adding more searchDirectories C:\Program Files\dotnet\sdk\8.0.400\Extensions,C:\Program Files\dotnet\sdk\8.0.400
TpTrace Information: 0 : 20756, 1, 2025/01/05, 02:49:18.684, 562339808602, vstest.console.dll, AssemblyResolver.AddSearchDirectories: Adding more searchDirectories C:\Program Files\dotnet\sdk\8.0.400\Extensions,C:\Program Files\dotnet\sdk\8.0.400
TpTrace Information: 0 : 20756, 1, 2025/01/05, 02:49:18.684, 562339809219, vstest.console.dll, AssemblyResolver.AddSearchDirectories: Adding more searchDirectories C:\Program Files\dotnet\sdk\8.0.400\Extensions,C:\Program Files\dotnet\sdk\8.0.400
TpTrace Information: 0 : 20756, 1, 2025/01/05, 02:49:18.684, 562339809862, vstest.console.dll, AssemblyResolver.AddSearchDirectories: Adding more searchDirectories C:\Program Files\dotnet\sdk\8.0.400\Extensions,C:\Program Files\dotnet\sdk\8.0.400
TpTrace Information: 0 : 20756, 1, 2025/01/05, 02:49:18.685, 562339819886, vstest.console.dll, AssemblyResolver.OnResolve: Microsoft.Diagnostics.NETCore.Client: Resolving assembly.
TpTrace Information: 0 : 20756, 1, 2025/01/05, 02:49:18.686, 562339821942, vstest.console.dll, AssemblyResolver.OnResolve: Microsoft.Diagnostics.NETCore.Client: Searching in: 'C:\Program Files\dotnet\sdk\8.0.400\Extensions'.
TpTrace Information: 0 : 20756, 1, 2025/01/05, 02:49:18.708, 562340042453, vstest.console.dll, AssemblyResolver.OnResolve: Microsoft.Diagnostics.NETCore.Client: Loading assembly 'C:\Program Files\dotnet\sdk\8.0.400\Extensions\Microsoft.Diagnostics.NETCore.Client.dll'.
TpTrace Information: 0 : 20756, 1, 2025/01/05, 02:49:18.711, 562340073392, vstest.console.dll, AssemblyResolver.OnResolve: Resolved assembly: Microsoft.Diagnostics.NETCore.Client, from path: C:\Program Files\dotnet\sdk\8.0.400\Extensions\Microsoft.Diagnostics.NETCore.Client.dll
TpTrace Verbose: 0 : 20756, 1, 2025/01/05, 02:49:18.717, 562340136492, vstest.console.dll, MetadataReaderExtensionsHelper: Discovering extensions inside assembly 'Microsoft.Diagnostics.NETCore.Client, Version=0.2.10.30701, Culture=neutral, PublicKeyToken=31bf3856ad364e35' file path 'C:\Program Files\dotnet\sdk\8.0.400\Extensions\Microsoft.Diagnostics.NETCore.Client.dll'
TpTrace Information: 0 : 20756, 1, 2025/01/05, 02:49:18.727, 562340230809, vstest.console.dll, AssemblyResolver.OnResolve: Microsoft.Bcl.AsyncInterfaces: Resolving assembly.
TpTrace Information: 0 : 20756, 1, 2025/01/05, 02:49:18.727, 562340231996, vstest.console.dll, AssemblyResolver.OnResolve: Microsoft.Bcl.AsyncInterfaces: Searching in: 'C:\Program Files\dotnet\sdk\8.0.400\Extensions'.
TpTrace Information: 0 : 20756, 1, 2025/01/05, 02:49:18.727, 562340232851, vstest.console.dll, AssemblyResolver.OnResolve: Microsoft.Bcl.AsyncInterfaces: Assembly path does not exist: 'C:\Program Files\dotnet\sdk\8.0.400\Extensions\Microsoft.Bcl.AsyncInterfaces.dll', returning.
TpTrace Information: 0 : 20756, 1, 2025/01/05, 02:49:18.727, 562340233995, vstest.console.dll, AssemblyResolver.OnResolve: Microsoft.Bcl.AsyncInterfaces: Assembly path does not exist: 'C:\Program Files\dotnet\sdk\8.0.400\Extensions\Microsoft.Bcl.AsyncInterfaces.exe', returning.
TpTrace Information: 0 : 20756, 1, 2025/01/05, 02:49:18.727, 562340234462, vstest.console.dll, AssemblyResolver.OnResolve: Microsoft.Bcl.AsyncInterfaces: Searching in: 'C:\Program Files\dotnet\sdk\8.0.400'.
TpTrace Information: 0 : 20756, 1, 2025/01/05, 02:49:18.727, 562340234996, vstest.console.dll, AssemblyResolver.OnResolve: Microsoft.Bcl.AsyncInterfaces: Assembly path does not exist: 'C:\Program Files\dotnet\sdk\8.0.400\Microsoft.Bcl.AsyncInterfaces.dll', returning.
TpTrace Information: 0 : 20756, 1, 2025/01/05, 02:49:18.727, 562340235441, vstest.console.dll, AssemblyResolver.OnResolve: Microsoft.Bcl.AsyncInterfaces: Assembly path does not exist: 'C:\Program Files\dotnet\sdk\8.0.400\Microsoft.Bcl.AsyncInterfaces.exe', returning.
TpTrace Information: 0 : 20756, 1, 2025/01/05, 02:49:18.727, 562340235744, vstest.console.dll, AssemblyResolver.OnResolve: Microsoft.Bcl.AsyncInterfaces: Failed to load assembly.
TpTrace Verbose: 0 : 20756, 1, 2025/01/05, 02:49:18.727, 562340236172, vstest.console.dll, CurrentDomainAssemblyResolve: Resolving assembly 'Microsoft.Bcl.AsyncInterfaces'.
TpTrace Information: 0 : 20756, 1, 2025/01/05, 02:49:18.727, 562340236911, vstest.console.dll, AssemblyResolver.OnResolve: Microsoft.Bcl.AsyncInterfaces: Resolving assembly.
TpTrace Information: 0 : 20756, 1, 2025/01/05, 02:49:18.727, 562340237283, vstest.console.dll, AssemblyResolver.OnResolve: Microsoft.Bcl.AsyncInterfaces: Resolved from cache.
TpTrace Verbose: 0 : 20756, 1, 2025/01/05, 02:49:18.727, 562340237579, vstest.console.dll, CurrentDomainAssemblyResolve: Resolving assembly 'Microsoft.Bcl.AsyncInterfaces'.
TpTrace Verbose: 0 : 20756, 1, 2025/01/05, 02:49:18.727, 562340238124, vstest.console.dll, CurrentDomainAssemblyResolve: Failed to resolve assembly 'Microsoft.Bcl.AsyncInterfaces'.
TpTrace Verbose: 0 : 20756, 1, 2025/01/05, 02:49:18.729, 562340253184, vstest.console.dll, CurrentDomainAssemblyResolve: Failed to resolve assembly 'Microsoft.Bcl.AsyncInterfaces'.
TpTrace Warning: 0 : 20756, 1, 2025/01/05, 02:49:18.748, 562340444711, vstest.console.dll, TestPluginDiscoverer: Failed to get types from assembly 'Microsoft.Diagnostics.NETCore.Client, Version=0.2.10.30701, Culture=neutral, PublicKeyToken=31bf3856ad364e35'. Error: System.Reflection.ReflectionTypeLoadException: Unable to load one or more of the requested types.
Could not load file or assembly 'Microsoft.Bcl.AsyncInterfaces, Version=6.0.0.0, Culture=neutral, PublicKeyToken=cc7b13ffcd2ddd51'. The system cannot find the file specified.
   at System.Reflection.RuntimeModule.GetTypes(RuntimeModule module)
   at System.Reflection.RuntimeModule.GetTypes()
   at Microsoft.VisualStudio.TestPlatform.Common.ExtensionFramework.TestPluginDiscoverer.GetTestExtensionsFromAssembly[TPluginInfo,TExtension](Assembly assembly, Dictionary`2 pluginInfos, String filePath) in /_/src/Microsoft.TestPlatform.Common/ExtensionFramework/TestPluginDiscoverer.cs:line 158
System.IO.FileNotFoundException: Could not load file or assembly 'Microsoft.Bcl.AsyncInterfaces, Version=6.0.0.0, Culture=neutral, PublicKeyToken=cc7b13ffcd2ddd51'. The system cannot find the file specified.
File name: 'Microsoft.Bcl.AsyncInterfaces, Version=6.0.0.0, Culture=neutral, PublicKeyToken=cc7b13ffcd2ddd51'
 ---> System.IO.FileNotFoundException: Could not load file or assembly 'Microsoft.Bcl.AsyncInterfaces, Culture=neutral, PublicKeyToken=null'. The system cannot find the file specified.
File name: 'Microsoft.Bcl.AsyncInterfaces, Culture=neutral, PublicKeyToken=null'
   at System.Reflection.RuntimeAssembly.InternalLoad(AssemblyName assemblyName, StackCrawlMark& stackMark, AssemblyLoadContext assemblyLoadContext, RuntimeAssembly requestingAssembly, Boolean throwOnFileNotFound)
   at System.Reflection.Assembly.Load(AssemblyName assemblyRef)
   at Microsoft.VisualStudio.TestPlatform.Common.ExtensionFramework.TestPluginCache.CurrentDomainAssemblyResolve(Object sender, AssemblyResolveEventArgs args) in /_/src/Microsoft.TestPlatform.Common/ExtensionFramework/TestPluginCache.cs:line 513
   at System.Runtime.Loader.AssemblyLoadContext.GetFirstResolvedAssemblyFromResolvingEvent(AssemblyName assemblyName)
   at System.Runtime.Loader.AssemblyLoadContext.ResolveUsingEvent(AssemblyName assemblyName)
   at System.Runtime.Loader.AssemblyLoadContext.ResolveUsingResolvingEvent(IntPtr gchManagedAssemblyLoadContext, AssemblyName assemblyName)
TpTrace Warning: 0 : 20756, 1, 2025/01/05, 02:49:18.748, 562340449121, vstest.console.dll, LoaderExceptions: System.IO.FileNotFoundException: Could not load file or assembly 'Microsoft.Bcl.AsyncInterfaces, Version=6.0.0.0, Culture=neutral, PublicKeyToken=cc7b13ffcd2ddd51'. The system cannot find the file specified.
File name: 'Microsoft.Bcl.AsyncInterfaces, Version=6.0.0.0, Culture=neutral, PublicKeyToken=cc7b13ffcd2ddd51'
 ---> System.IO.FileNotFoundException: Could not load file or assembly 'Microsoft.Bcl.AsyncInterfaces, Culture=neutral, PublicKeyToken=null'. The system cannot find the file specified.
File name: 'Microsoft.Bcl.AsyncInterfaces, Culture=neutral, PublicKeyToken=null'
   at System.Reflection.RuntimeAssembly.InternalLoad(AssemblyName assemblyName, StackCrawlMark& stackMark, AssemblyLoadContext assemblyLoadContext, RuntimeAssembly requestingAssembly, Boolean throwOnFileNotFound)
   at System.Reflection.Assembly.Load(AssemblyName assemblyRef)
   at Microsoft.VisualStudio.TestPlatform.Common.ExtensionFramework.TestPluginCache.CurrentDomainAssemblyResolve(Object sender, AssemblyResolveEventArgs args) in /_/src/Microsoft.TestPlatform.Common/ExtensionFramework/TestPluginCache.cs:line 513
   at System.Runtime.Loader.AssemblyLoadContext.GetFirstResolvedAssemblyFromResolvingEvent(AssemblyName assemblyName)
   at System.Runtime.Loader.AssemblyLoadContext.ResolveUsingEvent(AssemblyName assemblyName)
   at System.Runtime.Loader.AssemblyLoadContext.ResolveUsingResolvingEvent(IntPtr gchManagedAssemblyLoadContext, AssemblyName assemblyName)
TpTrace Information: 0 : 20756, 1, 2025/01/05, 02:49:18.749, 562340451097, vstest.console.dll, AssemblyResolver.OnResolve: Microsoft.TestPlatform.Extensions.BlameDataCollector: Resolving assembly.
TpTrace Information: 0 : 20756, 1, 2025/01/05, 02:49:18.749, 562340451672, vstest.console.dll, AssemblyResolver.OnResolve: Microsoft.TestPlatform.Extensions.BlameDataCollector: Searching in: 'C:\Program Files\dotnet\sdk\8.0.400\Extensions'.
TpTrace Information: 0 : 20756, 1, 2025/01/05, 02:49:18.750, 562340468565, vstest.console.dll, AssemblyResolver.OnResolve: Microsoft.TestPlatform.Extensions.BlameDataCollector: Loading assembly 'C:\Program Files\dotnet\sdk\8.0.400\Extensions\Microsoft.TestPlatform.Extensions.BlameDataCollector.dll'.
TpTrace Information: 0 : 20756, 1, 2025/01/05, 02:49:18.754, 562340500605, vstest.console.dll, AssemblyResolver.OnResolve: Resolved assembly: Microsoft.TestPlatform.Extensions.BlameDataCollector, from path: C:\Program Files\dotnet\sdk\8.0.400\Extensions\Microsoft.TestPlatform.Extensions.BlameDataCollector.dll
TpTrace Verbose: 0 : 20756, 1, 2025/01/05, 02:49:18.754, 562340501905, vstest.console.dll, MetadataReaderExtensionsHelper: Discovering extensions inside assembly 'Microsoft.TestPlatform.Extensions.BlameDataCollector, Version=15.0.0.0, Culture=neutral, PublicKeyToken=b03f5f7f11d50a3a' file path 'C:\Program Files\dotnet\sdk\8.0.400\Extensions\Microsoft.TestPlatform.Extensions.BlameDataCollector.dll'
TpTrace Information: 0 : 20756, 1, 2025/01/05, 02:49:18.757, 562340531921, vstest.console.dll, AssemblyResolver.OnResolve: Microsoft.TestPlatform.Extensions.EventLogCollector: Resolving assembly.
TpTrace Information: 0 : 20756, 1, 2025/01/05, 02:49:18.757, 562340532962, vstest.console.dll, AssemblyResolver.OnResolve: Microsoft.TestPlatform.Extensions.EventLogCollector: Searching in: 'C:\Program Files\dotnet\sdk\8.0.400\Extensions'.
TpTrace Information: 0 : 20756, 1, 2025/01/05, 02:49:18.758, 562340550155, vstest.console.dll, AssemblyResolver.OnResolve: Microsoft.TestPlatform.Extensions.EventLogCollector: Loading assembly 'C:\Program Files\dotnet\sdk\8.0.400\Extensions\Microsoft.TestPlatform.Extensions.EventLogCollector.dll'.
TpTrace Information: 0 : 20756, 1, 2025/01/05, 02:49:18.761, 562340579164, vstest.console.dll, AssemblyResolver.OnResolve: Resolved assembly: Microsoft.TestPlatform.Extensions.EventLogCollector, from path: C:\Program Files\dotnet\sdk\8.0.400\Extensions\Microsoft.TestPlatform.Extensions.EventLogCollector.dll
TpTrace Verbose: 0 : 20756, 1, 2025/01/05, 02:49:18.762, 562340580312, vstest.console.dll, MetadataReaderExtensionsHelper: Discovering extensions inside assembly 'Microsoft.TestPlatform.Extensions.EventLogCollector, Version=15.0.0.0, Culture=neutral, PublicKeyToken=b03f5f7f11d50a3a' file path 'C:\Program Files\dotnet\sdk\8.0.400\Extensions\Microsoft.TestPlatform.Extensions.EventLogCollector.dll'
TpTrace Information: 0 : 20756, 1, 2025/01/05, 02:49:18.775, 562340718919, vstest.console.dll, AssemblyResolver.OnResolve: Microsoft.TestPlatform.TestHostRuntimeProvider: Resolving assembly.
TpTrace Information: 0 : 20756, 1, 2025/01/05, 02:49:18.775, 562340720295, vstest.console.dll, AssemblyResolver.OnResolve: Microsoft.TestPlatform.TestHostRuntimeProvider: Searching in: 'C:\Program Files\dotnet\sdk\8.0.400\Extensions'.
TpTrace Information: 0 : 20756, 1, 2025/01/05, 02:49:18.777, 562340736806, vstest.console.dll, AssemblyResolver.OnResolve: Microsoft.TestPlatform.TestHostRuntimeProvider: Loading assembly 'C:\Program Files\dotnet\sdk\8.0.400\Extensions\Microsoft.TestPlatform.TestHostRuntimeProvider.dll'.
TpTrace Information: 0 : 20756, 1, 2025/01/05, 02:49:18.780, 562340761181, vstest.console.dll, AssemblyResolver.OnResolve: Resolved assembly: Microsoft.TestPlatform.TestHostRuntimeProvider, from path: C:\Program Files\dotnet\sdk\8.0.400\Extensions\Microsoft.TestPlatform.TestHostRuntimeProvider.dll
TpTrace Verbose: 0 : 20756, 1, 2025/01/05, 02:49:18.780, 562340762338, vstest.console.dll, MetadataReaderExtensionsHelper: Discovering extensions inside assembly 'Microsoft.TestPlatform.TestHostRuntimeProvider, Version=15.0.0.0, Culture=neutral, PublicKeyToken=b03f5f7f11d50a3a' file path 'C:\Program Files\dotnet\sdk\8.0.400\Extensions\Microsoft.TestPlatform.TestHostRuntimeProvider.dll'
TpTrace Information: 0 : 20756, 1, 2025/01/05, 02:49:18.783, 562340791489, vstest.console.dll, GetTestExtensionFromType: Register extension with identifier data 'HostProvider://DefaultTestHost' and type 'Microsoft.VisualStudio.TestPlatform.CrossPlatEngine.Hosting.DefaultTestHostManager, Microsoft.TestPlatform.TestHostRuntimeProvider, Version=15.0.0.0, Culture=neutral, PublicKeyToken=b03f5f7f11d50a3a' inside file 'C:\Program Files\dotnet\sdk\8.0.400\Extensions\Microsoft.TestPlatform.TestHostRuntimeProvider.dll'
TpTrace Information: 0 : 20756, 1, 2025/01/05, 02:49:18.783, 562340794944, vstest.console.dll, GetTestExtensionFromType: Register extension with identifier data 'HostProvider://DotnetTestHost' and type 'Microsoft.VisualStudio.TestPlatform.CrossPlatEngine.Hosting.DotnetTestHostManager, Microsoft.TestPlatform.TestHostRuntimeProvider, Version=15.0.0.0, Culture=neutral, PublicKeyToken=b03f5f7f11d50a3a' inside file 'C:\Program Files\dotnet\sdk\8.0.400\Extensions\Microsoft.TestPlatform.TestHostRuntimeProvider.dll'
TpTrace Information: 0 : 20756, 1, 2025/01/05, 02:49:18.783, 562340796189, vstest.console.dll, AssemblyResolver.OnResolve: Microsoft.VisualStudio.TestPlatform.Extensions.Html.TestLogger: Resolving assembly.
TpTrace Information: 0 : 20756, 1, 2025/01/05, 02:49:18.783, 562340796678, vstest.console.dll, AssemblyResolver.OnResolve: Microsoft.VisualStudio.TestPlatform.Extensions.Html.TestLogger: Searching in: 'C:\Program Files\dotnet\sdk\8.0.400\Extensions'.
TpTrace Information: 0 : 20756, 1, 2025/01/05, 02:49:18.785, 562340814623, vstest.console.dll, AssemblyResolver.OnResolve: Microsoft.VisualStudio.TestPlatform.Extensions.Html.TestLogger: Loading assembly 'C:\Program Files\dotnet\sdk\8.0.400\Extensions\Microsoft.VisualStudio.TestPlatform.Extensions.Html.TestLogger.dll'.
TpTrace Information: 0 : 20756, 1, 2025/01/05, 02:49:18.788, 562340843002, vstest.console.dll, AssemblyResolver.OnResolve: Resolved assembly: Microsoft.VisualStudio.TestPlatform.Extensions.Html.TestLogger, from path: C:\Program Files\dotnet\sdk\8.0.400\Extensions\Microsoft.VisualStudio.TestPlatform.Extensions.Html.TestLogger.dll
TpTrace Verbose: 0 : 20756, 1, 2025/01/05, 02:49:18.788, 562340844593, vstest.console.dll, MetadataReaderExtensionsHelper: Discovering extensions inside assembly 'Microsoft.VisualStudio.TestPlatform.Extensions.Html.TestLogger, Version=15.0.0.0, Culture=neutral, PublicKeyToken=b03f5f7f11d50a3a' file path 'C:\Program Files\dotnet\sdk\8.0.400\Extensions\Microsoft.VisualStudio.TestPlatform.Extensions.Html.TestLogger.dll'
TpTrace Information: 0 : 20756, 1, 2025/01/05, 02:49:18.790, 562340865211, vstest.console.dll, AssemblyResolver.OnResolve: Microsoft.VisualStudio.TestPlatform.Extensions.Trx.TestLogger: Resolving assembly.
TpTrace Information: 0 : 20756, 1, 2025/01/05, 02:49:18.790, 562340866320, vstest.console.dll, AssemblyResolver.OnResolve: Microsoft.VisualStudio.TestPlatform.Extensions.Trx.TestLogger: Searching in: 'C:\Program Files\dotnet\sdk\8.0.400\Extensions'.
TpTrace Information: 0 : 20756, 1, 2025/01/05, 02:49:18.792, 562340880710, vstest.console.dll, AssemblyResolver.OnResolve: Microsoft.VisualStudio.TestPlatform.Extensions.Trx.TestLogger: Loading assembly 'C:\Program Files\dotnet\sdk\8.0.400\Extensions\Microsoft.VisualStudio.TestPlatform.Extensions.Trx.TestLogger.dll'.
TpTrace Information: 0 : 20756, 1, 2025/01/05, 02:49:18.794, 562340905003, vstest.console.dll, AssemblyResolver.OnResolve: Resolved assembly: Microsoft.VisualStudio.TestPlatform.Extensions.Trx.TestLogger, from path: C:\Program Files\dotnet\sdk\8.0.400\Extensions\Microsoft.VisualStudio.TestPlatform.Extensions.Trx.TestLogger.dll
TpTrace Verbose: 0 : 20756, 1, 2025/01/05, 02:49:18.794, 562340905878, vstest.console.dll, MetadataReaderExtensionsHelper: Discovering extensions inside assembly 'Microsoft.VisualStudio.TestPlatform.Extensions.Trx.TestLogger, Version=15.0.0.0, Culture=neutral, PublicKeyToken=b03f5f7f11d50a3a' file path 'C:\Program Files\dotnet\sdk\8.0.400\Extensions\Microsoft.VisualStudio.TestPlatform.Extensions.Trx.TestLogger.dll'
TpTrace Verbose: 0 : 20756, 1, 2025/01/05, 02:49:18.796, 562340925116, vstest.console.dll, TestPluginCache: Discovered the extensions using extension path ''.
TpTrace Verbose: 0 : 20756, 1, 2025/01/05, 02:49:18.796, 562340925940, vstest.console.dll, TestPluginCache: Discoverers are ''.
TpTrace Verbose: 0 : 20756, 1, 2025/01/05, 02:49:18.796, 562340926260, vstest.console.dll, TestPluginCache: Executors are ''.
TpTrace Verbose: 0 : 20756, 1, 2025/01/05, 02:49:18.796, 562340926531, vstest.console.dll, TestPluginCache: Executors2 are ''.
TpTrace Verbose: 0 : 20756, 1, 2025/01/05, 02:49:18.796, 562340926799, vstest.console.dll, TestPluginCache: Setting providers are ''.
TpTrace Verbose: 0 : 20756, 1, 2025/01/05, 02:49:18.796, 562340927065, vstest.console.dll, TestPluginCache: Loggers are ''.
TpTrace Verbose: 0 : 20756, 1, 2025/01/05, 02:49:18.796, 562340928565, vstest.console.dll, TestPluginCache: TestHosts are 'HostProvider://DefaultTestHost,HostProvider://DotnetTestHost'.
TpTrace Verbose: 0 : 20756, 1, 2025/01/05, 02:49:18.796, 562340928914, vstest.console.dll, TestPluginCache: DataCollectors are ''.
TpTrace Information: 0 : 20756, 1, 2025/01/05, 02:49:18.825, 562341217897, vstest.console.dll, RunTestsArgumentProcessor:Execute: Test run is starting.
TpTrace Verbose: 0 : 20756, 1, 2025/01/05, 02:49:18.825, 562341219534, vstest.console.dll, RunTestsArgumentProcessor:Execute: Queuing Test run.
TpTrace Information: 0 : 20756, 1, 2025/01/05, 02:49:18.827, 562341231623, vstest.console.dll, TestRequestManager.RunTests: run tests started.
TpTrace Information: 0 : 20756, 1, 2025/01/05, 02:49:18.831, 562341271053, vstest.console.dll, AssemblyMetadataProvider.GetFrameworkName: Determined framework:'.NETCoreApp,Version=v6.0' for source: 'C:\Johnny\Assestment\BankingAppSolution\BankingAppUnitTesting\bin\Debug\net6.0\fine-code-coverage\build-output\BankingAppUnitTesting.dll'
TpTrace Information: 0 : 20756, 1, 2025/01/05, 02:49:18.831, 562341274242, vstest.console.dll, Determined framework for all sources: .NETCoreApp,Version=v6.0
TpTrace Verbose: 0 : 20756, 1, 2025/01/05, 02:49:18.831, 562341279461, vstest.console.dll, TestRequestManager.UpdateRunSettingsIfRequired: Default architecture: X64 IsDefaultTargetArchitecture: True, Current process architecture: X64 OperatingSystem: Windows.
TpTrace Information: 0 : 20756, 1, 2025/01/05, 02:49:18.837, 562341339544, vstest.console.dll, AssemblyMetadataProvider.GetArchitecture: Determined architecture:AnyCPU info for assembly: C:\Johnny\Assestment\BankingAppSolution\BankingAppUnitTesting\bin\Debug\net6.0\fine-code-coverage\build-output\BankingAppUnitTesting.dll
TpTrace Information: 0 : 20756, 1, 2025/01/05, 02:49:18.838, 562341340922, vstest.console.dll, Determined platform for source 'C:\Johnny\Assestment\BankingAppSolution\BankingAppUnitTesting\bin\Debug\net6.0\fine-code-coverage\build-output\BankingAppUnitTesting.dll' was AnyCPU and it will use the default plaform X64.
TpTrace Information: 0 : 20756, 1, 2025/01/05, 02:49:18.838, 562341341630, vstest.console.dll, None of the sources provided any runnable platform, using the default platform: X64
TpTrace Information: 0 : 20756, 1, 2025/01/05, 02:49:18.838, 562341343634, vstest.console.dll, Platform was updated to 'X64'.
TpTrace Information: 0 : 20756, 1, 2025/01/05, 02:49:18.843, 562341399334, vstest.console.dll, InferRunSettingsHelper.IsTestSettingsEnabled: Unable to navigate to RunSettings/MSTest. Current node: RunSettings
TpTrace Information: 0 : 20756, 1, 2025/01/05, 02:49:18.844, 562341409261, vstest.console.dll, AssemblyResolver.OnResolve: Microsoft.VisualStudio.TestPlatform.Fakes: Resolving assembly.
TpTrace Information: 0 : 20756, 1, 2025/01/05, 02:49:18.845, 562341410388, vstest.console.dll, AssemblyResolver.OnResolve: Microsoft.VisualStudio.TestPlatform.Fakes: Searching in: 'C:\Program Files\dotnet\sdk\8.0.400\Extensions'.
TpTrace Information: 0 : 20756, 1, 2025/01/05, 02:49:18.845, 562341411775, vstest.console.dll, AssemblyResolver.OnResolve: Microsoft.VisualStudio.TestPlatform.Fakes: Assembly path does not exist: 'C:\Program Files\dotnet\sdk\8.0.400\Extensions\Microsoft.VisualStudio.TestPlatform.Fakes.dll', returning.
TpTrace Information: 0 : 20756, 1, 2025/01/05, 02:49:18.845, 562341412867, vstest.console.dll, AssemblyResolver.OnResolve: Microsoft.VisualStudio.TestPlatform.Fakes: Assembly path does not exist: 'C:\Program Files\dotnet\sdk\8.0.400\Extensions\Microsoft.VisualStudio.TestPlatform.Fakes.exe', returning.
TpTrace Information: 0 : 20756, 1, 2025/01/05, 02:49:18.845, 562341413503, vstest.console.dll, AssemblyResolver.OnResolve: Microsoft.VisualStudio.TestPlatform.Fakes: Searching in: 'C:\Program Files\dotnet\sdk\8.0.400'.
TpTrace Information: 0 : 20756, 1, 2025/01/05, 02:49:18.845, 562341414712, vstest.console.dll, AssemblyResolver.OnResolve: Microsoft.VisualStudio.TestPlatform.Fakes: Assembly path does not exist: 'C:\Program Files\dotnet\sdk\8.0.400\Microsoft.VisualStudio.TestPlatform.Fakes.dll', returning.
TpTrace Information: 0 : 20756, 1, 2025/01/05, 02:49:18.845, 562341415675, vstest.console.dll, AssemblyResolver.OnResolve: Microsoft.VisualStudio.TestPlatform.Fakes: Assembly path does not exist: 'C:\Program Files\dotnet\sdk\8.0.400\Microsoft.VisualStudio.TestPlatform.Fakes.exe', returning.
TpTrace Information: 0 : 20756, 1, 2025/01/05, 02:49:18.845, 562341416258, vstest.console.dll, AssemblyResolver.OnResolve: Microsoft.VisualStudio.TestPlatform.Fakes: Failed to load assembly.
TpTrace Information: 0 : 20756, 1, 2025/01/05, 02:49:18.845, 562341420146, vstest.console.dll, Failed to load assembly Microsoft.VisualStudio.TestPlatform.Fakes, Version=17.0.0.0, Culture=neutral. Reason:System.IO.FileNotFoundException: Could not load file or assembly 'Microsoft.VisualStudio.TestPlatform.Fakes, Version=17.0.0.0, Culture=neutral, PublicKeyToken=null'. The system cannot find the file specified.
File name: 'Microsoft.VisualStudio.TestPlatform.Fakes, Version=17.0.0.0, Culture=neutral, PublicKeyToken=null'
   at System.Reflection.RuntimeAssembly.InternalLoad(AssemblyName assemblyName, StackCrawlMark& stackMark, AssemblyLoadContext assemblyLoadContext, RuntimeAssembly requestingAssembly, Boolean throwOnFileNotFound)
   at System.Reflection.Assembly.Load(AssemblyName assemblyRef)
   at Microsoft.VisualStudio.TestPlatform.Common.Utilities.FakesUtilities.LoadTestPlatformAssembly() in /_/src/Microsoft.TestPlatform.Common/Utilities/FakesUtilities.cs:line 272
TpTrace Verbose: 0 : 20756, 1, 2025/01/05, 02:49:18.850, 562341466635, vstest.console.dll, TestPluginCache.DiscoverTestExtensions: finding test extensions in assemblies ends with: TestLogger.dll TPluginInfo: Microsoft.VisualStudio.TestPlatform.Common.ExtensionFramework.Utilities.TestLoggerPluginInformation TExtension: Microsoft.VisualStudio.TestPlatform.ObjectModel.Client.ITestLogger
TpTrace Verbose: 0 : 20756, 1, 2025/01/05, 02:49:18.850, 562341468133, vstest.console.dll, TestPluginCache.GetExtensionPaths: Filtered extension paths: 
TpTrace Verbose: 0 : 20756, 1, 2025/01/05, 02:49:18.850, 562341468523, vstest.console.dll, TestPluginCache.GetExtensionPaths: Added default extension paths: C:\Program Files\dotnet\sdk\8.0.400\Extensions\Microsoft.Diagnostics.NETCore.Client.dll
C:\Program Files\dotnet\sdk\8.0.400\Extensions\Microsoft.TestPlatform.Extensions.BlameDataCollector.dll
C:\Program Files\dotnet\sdk\8.0.400\Extensions\Microsoft.TestPlatform.Extensions.EventLogCollector.dll
C:\Program Files\dotnet\sdk\8.0.400\Extensions\Microsoft.TestPlatform.TestHostRuntimeProvider.dll
C:\Program Files\dotnet\sdk\8.0.400\Extensions\Microsoft.VisualStudio.TestPlatform.Extensions.Html.TestLogger.dll
C:\Program Files\dotnet\sdk\8.0.400\Extensions\Microsoft.VisualStudio.TestPlatform.Extensions.Trx.TestLogger.dll
TpTrace Verbose: 0 : 20756, 1, 2025/01/05, 02:49:18.850, 562341468841, vstest.console.dll, TestPluginCache.GetExtensionPaths: Added unfilterableExtensionPaths: 
TpTrace Information: 0 : 20756, 1, 2025/01/05, 02:49:18.850, 562341470064, vstest.console.dll, AssemblyResolver.AddSearchDirectories: Adding more searchDirectories C:\Program Files\dotnet\sdk\8.0.400\Extensions,C:\Program Files\dotnet\sdk\8.0.400
TpTrace Verbose: 0 : 20756, 1, 2025/01/05, 02:49:18.851, 562341470488, vstest.console.dll, TestPluginCache.DiscoverTestExtensions: Discovering the extensions using extension path.
TpTrace Verbose: 0 : 20756, 1, 2025/01/05, 02:49:18.851, 562341470834, vstest.console.dll, TestPluginCache.GetExtensionPaths: Filtered extension paths: 
TpTrace Verbose: 0 : 20756, 1, 2025/01/05, 02:49:18.851, 562341471272, vstest.console.dll, TestPluginCache.GetExtensionPaths: Added default extension paths: C:\Program Files\dotnet\sdk\8.0.400\Extensions\Microsoft.Diagnostics.NETCore.Client.dll
C:\Program Files\dotnet\sdk\8.0.400\Extensions\Microsoft.TestPlatform.Extensions.BlameDataCollector.dll
C:\Program Files\dotnet\sdk\8.0.400\Extensions\Microsoft.TestPlatform.Extensions.EventLogCollector.dll
C:\Program Files\dotnet\sdk\8.0.400\Extensions\Microsoft.TestPlatform.TestHostRuntimeProvider.dll
C:\Program Files\dotnet\sdk\8.0.400\Extensions\Microsoft.VisualStudio.TestPlatform.Extensions.Html.TestLogger.dll
C:\Program Files\dotnet\sdk\8.0.400\Extensions\Microsoft.VisualStudio.TestPlatform.Extensions.Trx.TestLogger.dll
TpTrace Verbose: 0 : 20756, 1, 2025/01/05, 02:49:18.851, 562341471583, vstest.console.dll, TestPluginCache.GetExtensionPaths: Added unfilterableExtensionPaths: 
TpTrace Verbose: 0 : 20756, 1, 2025/01/05, 02:49:18.851, 562341472001, vstest.console.dll, TestPluginCache.DiscoverTestExtensions: Discovering the extensions using allExtensionPaths: C:\Program Files\dotnet\sdk\8.0.400\Extensions\Microsoft.Diagnostics.NETCore.Client.dll
C:\Program Files\dotnet\sdk\8.0.400\Extensions\Microsoft.TestPlatform.Extensions.BlameDataCollector.dll
C:\Program Files\dotnet\sdk\8.0.400\Extensions\Microsoft.TestPlatform.Extensions.EventLogCollector.dll
C:\Program Files\dotnet\sdk\8.0.400\Extensions\Microsoft.TestPlatform.TestHostRuntimeProvider.dll
C:\Program Files\dotnet\sdk\8.0.400\Extensions\Microsoft.VisualStudio.TestPlatform.Extensions.Html.TestLogger.dll
C:\Program Files\dotnet\sdk\8.0.400\Extensions\Microsoft.VisualStudio.TestPlatform.Extensions.Trx.TestLogger.dll
TpTrace Information: 0 : 20756, 1, 2025/01/05, 02:49:18.851, 562341472947, vstest.console.dll, AssemblyResolver.AddSearchDirectories: Adding more searchDirectories C:\Program Files\dotnet\sdk\8.0.400\Extensions,C:\Program Files\dotnet\sdk\8.0.400
TpTrace Information: 0 : 20756, 1, 2025/01/05, 02:49:18.851, 562341473383, vstest.console.dll, AssemblyResolver.AddSearchDirectories: Adding more searchDirectories C:\Program Files\dotnet\sdk\8.0.400\Extensions,C:\Program Files\dotnet\sdk\8.0.400
TpTrace Information: 0 : 20756, 1, 2025/01/05, 02:49:18.851, 562341473674, vstest.console.dll, AssemblyResolver.AddSearchDirectories: Adding more searchDirectories C:\Program Files\dotnet\sdk\8.0.400\Extensions,C:\Program Files\dotnet\sdk\8.0.400
TpTrace Information: 0 : 20756, 1, 2025/01/05, 02:49:18.851, 562341473956, vstest.console.dll, AssemblyResolver.AddSearchDirectories: Adding more searchDirectories C:\Program Files\dotnet\sdk\8.0.400\Extensions,C:\Program Files\dotnet\sdk\8.0.400
TpTrace Information: 0 : 20756, 1, 2025/01/05, 02:49:18.851, 562341474329, vstest.console.dll, AssemblyResolver.AddSearchDirectories: Adding more searchDirectories C:\Program Files\dotnet\sdk\8.0.400\Extensions,C:\Program Files\dotnet\sdk\8.0.400
TpTrace Information: 0 : 20756, 1, 2025/01/05, 02:49:18.851, 562341474612, vstest.console.dll, AssemblyResolver.AddSearchDirectories: Adding more searchDirectories C:\Program Files\dotnet\sdk\8.0.400\Extensions,C:\Program Files\dotnet\sdk\8.0.400
TpTrace Verbose: 0 : 20756, 1, 2025/01/05, 02:49:18.851, 562341475592, vstest.console.dll, MetadataReaderExtensionsHelper: Discovering extensions inside assembly 'Microsoft.Diagnostics.NETCore.Client, Version=0.2.10.30701, Culture=neutral, PublicKeyToken=31bf3856ad364e35' file path 'C:\Program Files\dotnet\sdk\8.0.400\Extensions\Microsoft.Diagnostics.NETCore.Client.dll'
TpTrace Information: 0 : 20756, 1, 2025/01/05, 02:49:18.854, 562341500484, vstest.console.dll, AssemblyResolver.OnResolve: Microsoft.Bcl.AsyncInterfaces: Resolving assembly.
TpTrace Information: 0 : 20756, 1, 2025/01/05, 02:49:18.854, 562341501322, vstest.console.dll, AssemblyResolver.OnResolve: Microsoft.Bcl.AsyncInterfaces: Resolved from cache.
TpTrace Verbose: 0 : 20756, 1, 2025/01/05, 02:49:18.854, 562341501816, vstest.console.dll, CurrentDomainAssemblyResolve: Resolving assembly 'Microsoft.Bcl.AsyncInterfaces'.
TpTrace Information: 0 : 20756, 1, 2025/01/05, 02:49:18.854, 562341502285, vstest.console.dll, AssemblyResolver.OnResolve: Microsoft.Bcl.AsyncInterfaces: Resolving assembly.
TpTrace Information: 0 : 20756, 1, 2025/01/05, 02:49:18.854, 562341502568, vstest.console.dll, AssemblyResolver.OnResolve: Microsoft.Bcl.AsyncInterfaces: Resolved from cache.
TpTrace Verbose: 0 : 20756, 1, 2025/01/05, 02:49:18.854, 562341502843, vstest.console.dll, CurrentDomainAssemblyResolve: Resolving assembly 'Microsoft.Bcl.AsyncInterfaces'.
TpTrace Verbose: 0 : 20756, 1, 2025/01/05, 02:49:18.854, 562341503118, vstest.console.dll, CurrentDomainAssemblyResolve: Failed to resolve assembly 'Microsoft.Bcl.AsyncInterfaces'.
TpTrace Verbose: 0 : 20756, 1, 2025/01/05, 02:49:18.854, 562341504528, vstest.console.dll, CurrentDomainAssemblyResolve: Failed to resolve assembly 'Microsoft.Bcl.AsyncInterfaces'.
TpTrace Warning: 0 : 20756, 1, 2025/01/05, 02:49:18.854, 562341507469, vstest.console.dll, TestPluginDiscoverer: Failed to get types from assembly 'Microsoft.Diagnostics.NETCore.Client, Version=0.2.10.30701, Culture=neutral, PublicKeyToken=31bf3856ad364e35'. Error: System.Reflection.ReflectionTypeLoadException: Unable to load one or more of the requested types.
Could not load file or assembly 'Microsoft.Bcl.AsyncInterfaces, Version=6.0.0.0, Culture=neutral, PublicKeyToken=cc7b13ffcd2ddd51'. The system cannot find the file specified.
   at System.Reflection.RuntimeModule.GetTypes(RuntimeModule module)
   at System.Reflection.RuntimeModule.GetTypes()
   at Microsoft.VisualStudio.TestPlatform.Common.ExtensionFramework.TestPluginDiscoverer.GetTestExtensionsFromAssembly[TPluginInfo,TExtension](Assembly assembly, Dictionary`2 pluginInfos, String filePath) in /_/src/Microsoft.TestPlatform.Common/ExtensionFramework/TestPluginDiscoverer.cs:line 158
System.IO.FileNotFoundException: Could not load file or assembly 'Microsoft.Bcl.AsyncInterfaces, Version=6.0.0.0, Culture=neutral, PublicKeyToken=cc7b13ffcd2ddd51'. The system cannot find the file specified.
File name: 'Microsoft.Bcl.AsyncInterfaces, Version=6.0.0.0, Culture=neutral, PublicKeyToken=cc7b13ffcd2ddd51'
 ---> System.IO.FileNotFoundException: Could not load file or assembly 'Microsoft.Bcl.AsyncInterfaces, Culture=neutral, PublicKeyToken=null'. The system cannot find the file specified.
File name: 'Microsoft.Bcl.AsyncInterfaces, Culture=neutral, PublicKeyToken=null'
   at System.Reflection.RuntimeAssembly.InternalLoad(AssemblyName assemblyName, StackCrawlMark& stackMark, AssemblyLoadContext assemblyLoadContext, RuntimeAssembly requestingAssembly, Boolean throwOnFileNotFound)
   at System.Reflection.Assembly.Load(AssemblyName assemblyRef)
   at Microsoft.VisualStudio.TestPlatform.Common.ExtensionFramework.TestPluginCache.CurrentDomainAssemblyResolve(Object sender, AssemblyResolveEventArgs args) in /_/src/Microsoft.TestPlatform.Common/ExtensionFramework/TestPluginCache.cs:line 513
   at System.Runtime.Loader.AssemblyLoadContext.GetFirstResolvedAssemblyFromResolvingEvent(AssemblyName assemblyName)
   at System.Runtime.Loader.AssemblyLoadContext.ResolveUsingEvent(AssemblyName assemblyName)
   at System.Runtime.Loader.AssemblyLoadContext.ResolveUsingResolvingEvent(IntPtr gchManagedAssemblyLoadContext, AssemblyName assemblyName)
TpTrace Warning: 0 : 20756, 1, 2025/01/05, 02:49:18.854, 562341509102, vstest.console.dll, LoaderExceptions: System.IO.FileNotFoundException: Could not load file or assembly 'Microsoft.Bcl.AsyncInterfaces, Version=6.0.0.0, Culture=neutral, PublicKeyToken=cc7b13ffcd2ddd51'. The system cannot find the file specified.
File name: 'Microsoft.Bcl.AsyncInterfaces, Version=6.0.0.0, Culture=neutral, PublicKeyToken=cc7b13ffcd2ddd51'
 ---> System.IO.FileNotFoundException: Could not load file or assembly 'Microsoft.Bcl.AsyncInterfaces, Culture=neutral, PublicKeyToken=null'. The system cannot find the file specified.
File name: 'Microsoft.Bcl.AsyncInterfaces, Culture=neutral, PublicKeyToken=null'
   at System.Reflection.RuntimeAssembly.InternalLoad(AssemblyName assemblyName, StackCrawlMark& stackMark, AssemblyLoadContext assemblyLoadContext, RuntimeAssembly requestingAssembly, Boolean throwOnFileNotFound)
   at System.Reflection.Assembly.Load(AssemblyName assemblyRef)
   at Microsoft.VisualStudio.TestPlatform.Common.ExtensionFramework.TestPluginCache.CurrentDomainAssemblyResolve(Object sender, AssemblyResolveEventArgs args) in /_/src/Microsoft.TestPlatform.Common/ExtensionFramework/TestPluginCache.cs:line 513
   at System.Runtime.Loader.AssemblyLoadContext.GetFirstResolvedAssemblyFromResolvingEvent(AssemblyName assemblyName)
   at System.Runtime.Loader.AssemblyLoadContext.ResolveUsingEvent(AssemblyName assemblyName)
   at System.Runtime.Loader.AssemblyLoadContext.ResolveUsingResolvingEvent(IntPtr gchManagedAssemblyLoadContext, AssemblyName assemblyName)
TpTrace Verbose: 0 : 20756, 1, 2025/01/05, 02:49:18.854, 562341509870, vstest.console.dll, MetadataReaderExtensionsHelper: Discovering extensions inside assembly 'Microsoft.TestPlatform.Extensions.BlameDataCollector, Version=15.0.0.0, Culture=neutral, PublicKeyToken=b03f5f7f11d50a3a' file path 'C:\Program Files\dotnet\sdk\8.0.400\Extensions\Microsoft.TestPlatform.Extensions.BlameDataCollector.dll'
TpTrace Information: 0 : 20756, 1, 2025/01/05, 02:49:18.856, 562341525558, vstest.console.dll, GetTestExtensionFromType: Register extension with identifier data 'logger://Microsoft/TestPlatform/Extensions/Blame/v1' and type 'Microsoft.TestPlatform.Extensions.BlameDataCollector.BlameLogger, Microsoft.TestPlatform.Extensions.BlameDataCollector, Version=15.0.0.0, Culture=neutral, PublicKeyToken=b03f5f7f11d50a3a' inside file 'C:\Program Files\dotnet\sdk\8.0.400\Extensions\Microsoft.TestPlatform.Extensions.BlameDataCollector.dll'
TpTrace Verbose: 0 : 20756, 1, 2025/01/05, 02:49:18.856, 562341527500, vstest.console.dll, MetadataReaderExtensionsHelper: Discovering extensions inside assembly 'Microsoft.TestPlatform.Extensions.EventLogCollector, Version=15.0.0.0, Culture=neutral, PublicKeyToken=b03f5f7f11d50a3a' file path 'C:\Program Files\dotnet\sdk\8.0.400\Extensions\Microsoft.TestPlatform.Extensions.EventLogCollector.dll'
TpTrace Verbose: 0 : 20756, 1, 2025/01/05, 02:49:18.857, 562341539843, vstest.console.dll, MetadataReaderExtensionsHelper: Discovering extensions inside assembly 'Microsoft.TestPlatform.TestHostRuntimeProvider, Version=15.0.0.0, Culture=neutral, PublicKeyToken=b03f5f7f11d50a3a' file path 'C:\Program Files\dotnet\sdk\8.0.400\Extensions\Microsoft.TestPlatform.TestHostRuntimeProvider.dll'
TpTrace Verbose: 0 : 20756, 1, 2025/01/05, 02:49:18.860, 562341564796, vstest.console.dll, MetadataReaderExtensionsHelper: Discovering extensions inside assembly 'Microsoft.VisualStudio.TestPlatform.Extensions.Html.TestLogger, Version=15.0.0.0, Culture=neutral, PublicKeyToken=b03f5f7f11d50a3a' file path 'C:\Program Files\dotnet\sdk\8.0.400\Extensions\Microsoft.VisualStudio.TestPlatform.Extensions.Html.TestLogger.dll'
TpTrace Information: 0 : 20756, 1, 2025/01/05, 02:49:18.862, 562341581521, vstest.console.dll, GetTestExtensionFromType: Register extension with identifier data 'logger://Microsoft/TestPlatform/HtmlLogger/v1' and type 'Microsoft.VisualStudio.TestPlatform.Extensions.HtmlLogger.HtmlLogger, Microsoft.VisualStudio.TestPlatform.Extensions.Html.TestLogger, Version=15.0.0.0, Culture=neutral, PublicKeyToken=b03f5f7f11d50a3a' inside file 'C:\Program Files\dotnet\sdk\8.0.400\Extensions\Microsoft.VisualStudio.TestPlatform.Extensions.Html.TestLogger.dll'
TpTrace Verbose: 0 : 20756, 1, 2025/01/05, 02:49:18.862, 562341582664, vstest.console.dll, MetadataReaderExtensionsHelper: Discovering extensions inside assembly 'Microsoft.VisualStudio.TestPlatform.Extensions.Trx.TestLogger, Version=15.0.0.0, Culture=neutral, PublicKeyToken=b03f5f7f11d50a3a' file path 'C:\Program Files\dotnet\sdk\8.0.400\Extensions\Microsoft.VisualStudio.TestPlatform.Extensions.Trx.TestLogger.dll'
TpTrace Information: 0 : 20756, 1, 2025/01/05, 02:49:18.864, 562341602700, vstest.console.dll, GetTestExtensionFromType: Register extension with identifier data 'logger://Microsoft/TestPlatform/TrxLogger/v1' and type 'Microsoft.VisualStudio.TestPlatform.Extensions.TrxLogger.TrxLogger, Microsoft.VisualStudio.TestPlatform.Extensions.Trx.TestLogger, Version=15.0.0.0, Culture=neutral, PublicKeyToken=b03f5f7f11d50a3a' inside file 'C:\Program Files\dotnet\sdk\8.0.400\Extensions\Microsoft.VisualStudio.TestPlatform.Extensions.Trx.TestLogger.dll'
TpTrace Verbose: 0 : 20756, 1, 2025/01/05, 02:49:18.864, 562341604111, vstest.console.dll, TestPluginCache: Discovered the extensions using extension path ''.
TpTrace Verbose: 0 : 20756, 1, 2025/01/05, 02:49:18.864, 562341604745, vstest.console.dll, TestPluginCache: Discoverers are ''.
TpTrace Verbose: 0 : 20756, 1, 2025/01/05, 02:49:18.864, 562341605144, vstest.console.dll, TestPluginCache: Executors are ''.
TpTrace Verbose: 0 : 20756, 1, 2025/01/05, 02:49:18.864, 562341605478, vstest.console.dll, TestPluginCache: Executors2 are ''.
TpTrace Verbose: 0 : 20756, 1, 2025/01/05, 02:49:18.864, 562341605797, vstest.console.dll, TestPluginCache: Setting providers are ''.
TpTrace Verbose: 0 : 20756, 1, 2025/01/05, 02:49:18.864, 562341606865, vstest.console.dll, TestPluginCache: Loggers are 'logger://Microsoft/TestPlatform/Extensions/Blame/v1,logger://Microsoft/TestPlatform/HtmlLogger/v1,logger://Microsoft/TestPlatform/TrxLogger/v1'.
TpTrace Verbose: 0 : 20756, 1, 2025/01/05, 02:49:18.864, 562341607542, vstest.console.dll, TestPluginCache: TestHosts are 'HostProvider://DefaultTestHost,HostProvider://DotnetTestHost'.
TpTrace Verbose: 0 : 20756, 1, 2025/01/05, 02:49:18.864, 562341607996, vstest.console.dll, TestPluginCache: DataCollectors are ''.
TpTrace Information: 0 : 20756, 1, 2025/01/05, 02:49:18.865, 562341616515, vstest.console.dll, TestPluginManager.CreateTestExtension: Attempting to load test extension: Microsoft.TestPlatform.Extensions.BlameDataCollector.BlameLogger
TpTrace Verbose: 0 : 20756, 1, 2025/01/05, 02:49:18.878, 562341740630, vstest.console.dll, TestEngine: Initializing Parallel Execution as MaxCpuCount is set to: 1
TpTrace Information: 0 : 20756, 1, 2025/01/05, 02:49:18.879, 562341754904, vstest.console.dll, TestPluginManager.CreateTestExtension: Attempting to load test extension: Microsoft.VisualStudio.TestPlatform.CrossPlatEngine.Hosting.DefaultTestHostManager
TpTrace Information: 0 : 20756, 1, 2025/01/05, 02:49:18.882, 562341783443, vstest.console.dll, TestPluginManager.CreateTestExtension: Attempting to load test extension: Microsoft.VisualStudio.TestPlatform.CrossPlatEngine.Hosting.DotnetTestHostManager
TpTrace Verbose: 0 : 20756, 1, 2025/01/05, 02:49:18.882, 562341786140, vstest.console.dll, TestHostManagerCallbacks.ctor: Forwarding output is enabled.
TpTrace Information: 0 : 20756, 1, 2025/01/05, 02:49:18.882, 562341790013, vstest.console.dll, InferRunSettingsHelper.IsTestSettingsEnabled: Unable to navigate to RunSettings/MSTest. Current node: RunSettings
TpTrace Verbose: 0 : 20756, 1, 2025/01/05, 02:49:18.884, 562341805010, vstest.console.dll, ParallelOperationManager.ClearSlots: Clearing all slots. Slots should accept more work: True
TpTrace Verbose: 0 : 20756, 1, 2025/01/05, 02:49:18.885, 562341811568, vstest.console.dll, ParallelOperationManager.SetOccupiedSlotCount: Setting slot counts AvailableSlotCount = 1, OccupiedSlotCount = 0.
TpTrace Verbose: 0 : 20756, 1, 2025/01/05, 02:49:18.885, 562341814660, vstest.console.dll, Occupied slots:

TpTrace Verbose: 0 : 20756, 1, 2025/01/05, 02:49:18.888, 562341842729, vstest.console.dll, TestEngine.GetExecutionManager: Chosen execution manager 'Microsoft.VisualStudio.TestPlatform.CrossPlatEngine.Client.Parallel.ParallelProxyExecutionManager, Microsoft.TestPlatform.CrossPlatEngine, Version=15.0.0.0, Culture=neutral, PublicKeyToken=b03f5f7f11d50a3a' ParallelLevel '1'.
TpTrace Verbose: 0 : 20756, 1, 2025/01/05, 02:49:18.888, 562341844349, vstest.console.dll, TestPlatform.GetSkipDefaultAdapters: Not skipping default adapters SkipDefaultAdapters was false.
TpTrace Verbose: 0 : 20756, 1, 2025/01/05, 02:49:18.888, 562341845183, vstest.console.dll, TestRunRequest.ExecuteAsync: Creating test run request.
TpTrace Verbose: 0 : 20756, 1, 2025/01/05, 02:49:18.888, 562341847215, vstest.console.dll, TestRunRequest.ExecuteAsync: Starting.
TpTrace Information: 0 : 20756, 1, 2025/01/05, 02:49:18.889, 562341857775, vstest.console.dll, TestRunRequest.ExecuteAsync: Starting run with settings:TestRunCriteria:
   KeepAlive=False,FrequencyOfRunStatsChangeEvent=10,RunStatsChangeEventTimeout=00:00:01.5000000,TestCaseFilter=,TestExecutorLauncher=
   Settingsxml=<RunSettings>
  <RunConfiguration>
    <ResultsDirectory>C:\Johnny\Assestment\BankingAppSolution\BankingAppUnitTesting\bin\Debug\net6.0\fine-code-coverage\coverage-tool-output</ResultsDirectory>
    <TargetPlatform>X64</TargetPlatform>
    <TargetFrameworkVersion>.NETCoreApp,Version=v6.0</TargetFrameworkVersion>
    <DesignMode>False</DesignMode>
    <CollectSourceInformation>False</CollectSourceInformation>
  </RunConfiguration>
  <LoggerRunSettings>
    <Loggers>
      <Logger friendlyName="blame" enabled="True" />
      <Logger friendlyName="Console" uri="logger://microsoft/TestPlatform/ConsoleLogger/v1" assemblyQualifiedName="Microsoft.VisualStudio.TestPlatform.CommandLine.Internal.ConsoleLogger, vstest.console, Version=15.0.0.0, Culture=neutral, PublicKeyToken=b03f5f7f11d50a3a" codeBase="C:\Program Files\dotnet\sdk\8.0.400\vstest.console.dll" enabled="True" />
    </Loggers>
  </LoggerRunSettings>
  <DataCollectionRunSettings>
    <DataCollectors>
      <DataCollector friendlyName="blame" enabled="True">
        <Configuration>
          <ResultsDirectory>C:\Johnny\Assestment\BankingAppSolution\BankingAppUnitTesting\bin\Debug\net6.0\fine-code-coverage\coverage-tool-output</ResultsDirectory>
        </Configuration>
      </DataCollector>
    </DataCollectors>
  </DataCollectionRunSettings>
</RunSettings>

TpTrace Verbose: 0 : 20756, 1, 2025/01/05, 02:49:18.889, 562341858681, vstest.console.dll, TestRunRequest.ExecuteAsync: Wait for the first run request is over.
TpTrace Verbose: 0 : 20756, 1, 2025/01/05, 02:49:18.890, 562341861019, vstest.console.dll, MulticastDelegateUtilities.SafeInvoke: TestRun.TestRunStart: Invoking callbacks was skipped because there are no subscribers.
TpTrace Verbose: 0 : 20756, 4, 2025/01/05, 02:49:18.890, 562341863817, vstest.console.dll, MulticastDelegateUtilities.SafeInvoke: InternalTestLoggerEvents.SendTestRunStart: Invoking callback 1/1 for Microsoft.VisualStudio.TestPlatform.CommandLine.Internal.ConsoleLogger., took 0 ms.
TpTrace Verbose: 0 : 20756, 1, 2025/01/05, 02:49:18.890, 562341869219, vstest.console.dll, ParallelProxyExecutionManager: Start execution. Total sources: 1
TpTrace Verbose: 0 : 20756, 1, 2025/01/05, 02:49:18.891, 562341871889, vstest.console.dll, ParallelOperationManager.StartWork: Starting adding 1 workloads.
TpTrace Verbose: 0 : 20756, 1, 2025/01/05, 02:49:18.891, 562341872473, vstest.console.dll, ParallelOperationManager.ClearSlots: Clearing all slots. Slots should accept more work: True
TpTrace Verbose: 0 : 20756, 1, 2025/01/05, 02:49:18.891, 562341873036, vstest.console.dll, ParallelOperationManager.SetOccupiedSlotCount: Setting slot counts AvailableSlotCount = 1, OccupiedSlotCount = 0.
TpTrace Verbose: 0 : 20756, 1, 2025/01/05, 02:49:18.891, 562341873485, vstest.console.dll, Occupied slots:

TpTrace Verbose: 0 : 20756, 1, 2025/01/05, 02:49:18.892, 562341884189, vstest.console.dll, TestHostManagerCallbacks.ctor: Forwarding output is enabled.
TpTrace Verbose: 0 : 20756, 1, 2025/01/05, 02:49:18.892, 562341886241, vstest.console.dll, TestRequestSender is acting as server.
TpTrace Verbose: 0 : 20756, 1, 2025/01/05, 02:49:18.894, 562341904670, vstest.console.dll, ParallelOperationManager.RunWorkInParallel: Adding 1 workload to slot, remaining workloads 0.
TpTrace Verbose: 0 : 20756, 1, 2025/01/05, 02:49:18.894, 562341905410, vstest.console.dll, ParallelOperationManager.SetOccupiedSlotCount: Setting slot counts AvailableSlotCount = 0, OccupiedSlotCount = 1.
TpTrace Verbose: 0 : 20756, 1, 2025/01/05, 02:49:18.894, 562341906494, vstest.console.dll, Occupied slots:
0: C:\Johnny\Assestment\BankingAppSolution\BankingAppUnitTesting\bin\Debug\net6.0\fine-code-coverage\build-output\BankingAppUnitTesting.dll
TpTrace Verbose: 0 : 20756, 1, 2025/01/05, 02:49:18.895, 562341916084, vstest.console.dll, ParallelOperationManager.RunWorkInParallel: Started host in slot number 0 for work (source): C:\Johnny\Assestment\BankingAppSolution\BankingAppUnitTesting\bin\Debug\net6.0\fine-code-coverage\build-output\BankingAppUnitTesting.dll.
TpTrace Verbose: 0 : 20756, 1, 2025/01/05, 02:49:18.896, 562341929012, vstest.console.dll, ParallelOperationManager.RunWorkInParallel: We started 1 work items, which is the max parallel level. Won't start more work.
TpTrace Verbose: 0 : 20756, 1, 2025/01/05, 02:49:18.896, 562341930025, vstest.console.dll, ParallelOperationManager.RunWorkInParallel: We started 1 work items in here, returning True.
TpTrace Information: 0 : 20756, 1, 2025/01/05, 02:49:18.897, 562341930474, vstest.console.dll, TestRunRequest.ExecuteAsync: Started.
TpTrace Verbose: 0 : 20756, 5, 2025/01/05, 02:49:18.897, 562341930424, vstest.console.dll, ParallelProxyExecutionManager.StartTestRunOnConcurrentManager: Initializing uninitialized client. Started clients: 0
TpTrace Verbose: 0 : 20756, 5, 2025/01/05, 02:49:18.897, 562341933789, vstest.console.dll, DataCollectionRequestSender.InitializeCommunication : Initialize communication. 
TpTrace Verbose: 0 : 20756, 1, 2025/01/05, 02:49:18.897, 562341935182, vstest.console.dll, TestRunRequest.WaitForCompletion: Waiting with timeout -1.
TpTrace Information: 0 : 20756, 5, 2025/01/05, 02:49:18.909, 562342051804, vstest.console.dll, Listening on Endpoint : 127.0.0.1:57860
TpTrace Verbose: 0 : 20756, 5, 2025/01/05, 02:49:18.919, 562342151133, vstest.console.dll, DotnetDataCollectionLauncher: Adding  --runtimeconfig "C:\Program Files\dotnet\sdk\8.0.400\datacollector.runtimeconfig.json" in args
TpTrace Verbose: 0 : 20756, 5, 2025/01/05, 02:49:18.919, 562342152633, vstest.console.dll, DotnetDataCollectionLauncher: Adding  --depsfile "C:\Program Files\dotnet\sdk\8.0.400\datacollector.deps.json" in args
TpTrace Verbose: 0 : 20756, 5, 2025/01/05, 02:49:18.920, 562342164986, vstest.console.dll, DotnetDataCollectionLauncher: Full path of dotnet.exe is C:\Program Files\dotnet\dotnet.exe
TpTrace Information: 0 : 20756, 5, 2025/01/05, 02:49:18.937, 562342334426, vstest.console.dll, ProxyDataCollectionManager.Initialize: Launched datacollector processId: 27060 port: 57860
TpTrace Information: 0 : 20756, 5, 2025/01/05, 02:49:18.937, 562342336128, vstest.console.dll, ProxyDataCollectionManager.Initialize: waiting for connection with timeout: 90 seconds
TpTrace Verbose: 0 : 20756, 5, 2025/01/05, 02:49:18.937, 562342336674, vstest.console.dll, DataCollectionRequestSender.WaitForRequestHandlerConnection : Waiting for connection with timeout: 90000
TpTrace Information: 0 : 20756, 7, 2025/01/05, 02:49:19.301, 562345976646, vstest.console.dll, Using the buffer size of 16384 bytes
TpTrace Verbose: 0 : 20756, 5, 2025/01/05, 02:49:19.301, 562345977698, vstest.console.dll, SocketCommunicationManager.WaitForClientConnection took: 363 ms, with 90000 ms timeout, and finished with True.
TpTrace Information: 0 : 20756, 7, 2025/01/05, 02:49:19.301, 562345979337, vstest.console.dll, Accepted Client request and set the flag
TpTrace Verbose: 0 : 20756, 5, 2025/01/05, 02:49:19.302, 562345983195, vstest.console.dll, ProxyDataCollectionManager.InvokeDataCollectionServiceAction: Starting.
TpTrace Information: 0 : 20756, 5, 2025/01/05, 02:49:19.302, 562345987950, vstest.console.dll, ProxyDataCollectionManager.BeforeTestRunStart: Get environment variable and port for datacollector processId: 27060 port: 57860
TpTrace Verbose: 0 : 20756, 5, 2025/01/05, 02:49:19.303, 562345992582, vstest.console.dll, DataCollectionRequestSender.SendBeforeTestRunStartAndGetResult: Send BeforeTestRunStart message with settingsXml <RunSettings><RunConfiguration><ResultsDirectory>C:\Johnny\Assestment\BankingAppSolution\BankingAppUnitTesting\bin\Debug\net6.0\fine-code-coverage\coverage-tool-output</ResultsDirectory><TargetPlatform>X64</TargetPlatform><TargetFrameworkVersion>.NETCoreApp,Version=v6.0</TargetFrameworkVersion><DesignMode>False</DesignMode><CollectSourceInformation>False</CollectSourceInformation><TestAdaptersPaths>C:\Program Files\dotnet\sdk\8.0.400\Extensions</TestAdaptersPaths></RunConfiguration><LoggerRunSettings><Loggers><Logger friendlyName="blame" enabled="True" /><Logger friendlyName="Console" uri="logger://microsoft/TestPlatform/ConsoleLogger/v1" assemblyQualifiedName="Microsoft.VisualStudio.TestPlatform.CommandLine.Internal.ConsoleLogger, vstest.console, Version=15.0.0.0, Culture=neutral, PublicKeyToken=b03f5f7f11d50a3a" codeBase="C:\Program Files\dotnet\sdk\8.0.400\vstest.console.dll" enabled="True" /></Loggers></LoggerRunSettings><DataCollectionRunSettings><DataCollectors><DataCollector friendlyName="blame" enabled="True"><Configuration><ResultsDirectory>C:\Johnny\Assestment\BankingAppSolution\BankingAppUnitTesting\bin\Debug\net6.0\fine-code-coverage\coverage-tool-output</ResultsDirectory></Configuration></DataCollector></DataCollectors></DataCollectionRunSettings></RunSettings> and sources System.Collections.Generic.List`1[System.String]: 
TpTrace Verbose: 0 : 20756, 5, 2025/01/05, 02:49:19.416, 562347125552, vstest.console.dll, DataCollectionRequestSender.SendBeforeTestRunStartAndGetResult: Received message: (DataCollection.SendMessage) -> {"MessageType":"DataCollection.SendMessage","Payload":{"FriendlyName":null,"Uri":null,"TestCaseId":"00000000-0000-0000-0000-000000000000","Message":"Logging DataCollector Diagnostics in file: C:\\Johnny\\Assestment\\BankingAppSolution\\BankingAppUnitTesting\\bin\\Debug\\net6.0\\fine-code-coverage\\coverage-tool-output\\diagnostics.datacollector.25-01-05_02-49-18_91878_5.log","Level":0}}
TpTrace Verbose: 0 : 20756, 5, 2025/01/05, 02:49:19.518, 562348150050, vstest.console.dll, DataCollectionRequestSender.SendBeforeTestRunStartAndGetResult: Received message: (DataCollection.BeforeTestRunStartResult) -> {"MessageType":"DataCollection.BeforeTestRunStartResult","Payload":{"EnvironmentVariables":{},"DataCollectionEventsPort":57862}}
TpTrace Information: 0 : 20756, 5, 2025/01/05, 02:49:19.523, 562348191899, vstest.console.dll, ProxyDataCollectionManager.BeforeTestRunStart: SendBeforeTestRunStartAndGetResult successful, env variable from datacollector:   and testhost port: 57862
TpTrace Information: 0 : 20756, 5, 2025/01/05, 02:49:19.523, 562348193439, vstest.console.dll, ProxyDataCollectionManager.InvokeDataCollectionServiceAction: Completed.
TpTrace Verbose: 0 : 20756, 5, 2025/01/05, 02:49:19.523, 562348193838, vstest.console.dll, ParallelProxyExecutionManager.StartTestRunOnConcurrentManager: Initializing test run. Started clients: 0
TpTrace Verbose: 0 : 20756, 5, 2025/01/05, 02:49:19.523, 562348194770, vstest.console.dll, ProxyExecutionManager: Test host is always Lazy initialize.
TpTrace Verbose: 0 : 20756, 5, 2025/01/05, 02:49:19.523, 562348196774, vstest.console.dll, TestRequestSender.InitializeCommunication: initialize communication. 
TpTrace Information: 0 : 20756, 5, 2025/01/05, 02:49:19.524, 562348202356, vstest.console.dll, SocketServer.Start: Listening on endpoint : 127.0.0.1:57863
TpTrace Verbose: 0 : 20756, 5, 2025/01/05, 02:49:19.524, 562348209704, vstest.console.dll, DotnetTestHostmanager.GetTestHostProcessStartInfo: Platform environment 'X64' target architecture 'X64' framework '.NETCoreApp,Version=v6.0' OS 'Windows'
TpTrace Verbose: 0 : 20756, 5, 2025/01/05, 02:49:19.525, 562348211934, vstest.console.dll, DotnetTestHostmanager: Adding  --runtimeconfig "C:\Johnny\Assestment\BankingAppSolution\BankingAppUnitTesting\bin\Debug\net6.0\fine-code-coverage\build-output\BankingAppUnitTesting.runtimeconfig.json" in args
TpTrace Verbose: 0 : 20756, 5, 2025/01/05, 02:49:19.525, 562348212958, vstest.console.dll, DotnetTestHostmanager: Adding  --depsfile "C:\Johnny\Assestment\BankingAppSolution\BankingAppUnitTesting\bin\Debug\net6.0\fine-code-coverage\build-output\BankingAppUnitTesting.deps.json" in args
TpTrace Verbose: 0 : 20756, 5, 2025/01/05, 02:49:19.525, 562348215759, vstest.console.dll, DotnetTestHostmanager.IsWinOnArm: Current PROCESSOR_ARCHITECTURE from environment variable 'AMD64'
TpTrace Verbose: 0 : 20756, 5, 2025/01/05, 02:49:19.525, 562348216465, vstest.console.dll, DotnetTestHostmanager.IsWinOnArm: Is Windows on ARM 'False'
TpTrace Verbose: 0 : 20756, 5, 2025/01/05, 02:49:19.525, 562348217388, vstest.console.dll, DotnetTestHostManager: testhost.exe found at path: C:\Johnny\Assestment\BankingAppSolution\BankingAppUnitTesting\bin\Debug\net6.0\fine-code-coverage\build-output\testhost.exe
TpTrace Verbose: 0 : 20756, 5, 2025/01/05, 02:49:19.525, 562348217874, vstest.console.dll, DotnetTestHostmanager: Full path of host exe is C:\Johnny\Assestment\BankingAppSolution\BankingAppUnitTesting\bin\Debug\net6.0\fine-code-coverage\build-output\testhost.exe
TpTrace Verbose: 0 : 20756, 5, 2025/01/05, 02:49:19.525, 562348219117, vstest.console.dll, DotnetTestHostmanager.LaunchTestHostAsync: Found 'VSTEST_WINAPPHOST_DOTNET_ROOT' in env variables, value 'C:\Program Files\dotnet', forwarding to 'DOTNET_ROOT'
TpTrace Verbose: 0 : 20756, 5, 2025/01/05, 02:49:19.526, 562348220530, vstest.console.dll, DotnetTestHostManager: Starting process 'C:\Johnny\Assestment\BankingAppSolution\BankingAppUnitTesting\bin\Debug\net6.0\fine-code-coverage\build-output\testhost.exe' with command line ' --runtimeconfig "C:\Johnny\Assestment\BankingAppSolution\BankingAppUnitTesting\bin\Debug\net6.0\fine-code-coverage\build-output\BankingAppUnitTesting.runtimeconfig.json" --depsfile "C:\Johnny\Assestment\BankingAppSolution\BankingAppUnitTesting\bin\Debug\net6.0\fine-code-coverage\build-output\BankingAppUnitTesting.deps.json" --port 57863 --endpoint 127.0.0.1:057863 --role client --parentprocessid 20756 --diag "C:\Johnny\Assestment\BankingAppSolution\BankingAppUnitTesting\bin\Debug\net6.0\fine-code-coverage\coverage-tool-output\diagnostics.host.25-01-05_02-49-19_52462_5.log" --tracelevel 4 --datacollectionport 57862 --telemetryoptedin false'
TpTrace Verbose: 0 : 20756, 5, 2025/01/05, 02:49:19.541, 562348373561, vstest.console.dll, MulticastDelegateUtilities.SafeInvoke: HostProviderEvents.OnHostLaunched: Invoking callback 1/2 for Microsoft.VisualStudio.TestPlatform.CrossPlatEngine.Client.ProxyExecutionManagerWithDataCollection., took 1 ms.
TpTrace Verbose: 0 : 20756, 5, 2025/01/05, 02:49:19.541, 562348376495, vstest.console.dll, Test Runtime launched
TpTrace Verbose: 0 : 20756, 5, 2025/01/05, 02:49:19.541, 562348377270, vstest.console.dll, MulticastDelegateUtilities.SafeInvoke: HostProviderEvents.OnHostLaunched: Invoking callback 2/2 for Microsoft.VisualStudio.TestPlatform.CrossPlatEngine.Client.ProxyOperationManager., took 0 ms.
TpTrace Verbose: 0 : 20756, 5, 2025/01/05, 02:49:19.541, 562348378399, vstest.console.dll, TestRequestSender.WaitForRequestHandlerConnection: waiting for connection with timeout: 90000.
TpTrace Verbose: 0 : 20756, 5, 2025/01/05, 02:49:19.937, 562352336026, vstest.console.dll, TestRequestSender.WaitForRequestHandlerConnection: waiting took 395 ms, with timeout 90000 ms, and result 0, which is success.
TpTrace Verbose: 0 : 20756, 12, 2025/01/05, 02:49:19.937, 562352336396, vstest.console.dll, MulticastDelegateUtilities.SafeInvoke: SocketServer: ClientConnected: Invoking callback 1/1 for Microsoft.VisualStudio.TestPlatform.CommunicationUtilities.TestRequestSender., took 0 ms.
TpTrace Verbose: 0 : 20756, 12, 2025/01/05, 02:49:19.937, 562352340213, vstest.console.dll, SocketServer.OnClientConnected: Client connected for endPoint: 127.0.0.1:57863, starting MessageLoopAsync:
TpTrace Verbose: 0 : 20756, 12, 2025/01/05, 02:49:19.938, 562352349200, vstest.console.dll, TcpClientExtensions.MessageLoopAsync: Polling on remoteEndPoint: 127.0.0.1:57864 localEndPoint: 127.0.0.1:57863 after 0 ms
TpTrace Verbose: 0 : 20756, 5, 2025/01/05, 02:49:19.939, 562352358421, vstest.console.dll, TestRequestSender.CheckVersionWithTestHost: Sending check version message: {"MessageType":"ProtocolVersion","Payload":7}
TpTrace Verbose: 0 : 20756, 12, 2025/01/05, 02:49:20.112, 562354089913, vstest.console.dll, TcpClientExtensions.MessageLoopAsync: NotifyDataAvailable remoteEndPoint: 127.0.0.1:57864 localEndPoint: 127.0.0.1:57863
TpTrace Verbose: 0 : 20756, 12, 2025/01/05, 02:49:20.113, 562354092554, vstest.console.dll, TestRequestSender.CheckVersionWithTestHost: onMessageReceived received message: (ProtocolVersion) -> {"MessageType":"ProtocolVersion","Payload":7}
TpTrace Verbose: 0 : 20756, 12, 2025/01/05, 02:49:20.113, 562354098424, vstest.console.dll, MulticastDelegateUtilities.SafeInvoke: LengthPrefixCommunicationChannel: MessageReceived: Invoking callback 1/1 for Microsoft.VisualStudio.TestPlatform.CommunicationUtilities.TestRequestSender+<>c__DisplayClass29_0., took 0 ms.
TpTrace Verbose: 0 : 20756, 12, 2025/01/05, 02:49:20.113, 562354099494, vstest.console.dll, TcpClientExtensions.MessageLoopAsync: Polling on remoteEndPoint: 127.0.0.1:57864 localEndPoint: 127.0.0.1:57863 after 174 ms
TpTrace Verbose: 0 : 20756, 5, 2025/01/05, 02:49:20.113, 562354100069, vstest.console.dll, TestPluginCache.GetExtensionPaths: Filtered extension paths: 
TpTrace Verbose: 0 : 20756, 5, 2025/01/05, 02:49:20.114, 562354100924, vstest.console.dll, TestPluginCache.GetExtensionPaths: Added default extension paths: C:\Program Files\dotnet\sdk\8.0.400\Extensions\Microsoft.Diagnostics.NETCore.Client.dll
C:\Program Files\dotnet\sdk\8.0.400\Extensions\Microsoft.TestPlatform.Extensions.BlameDataCollector.dll
C:\Program Files\dotnet\sdk\8.0.400\Extensions\Microsoft.TestPlatform.Extensions.EventLogCollector.dll
C:\Program Files\dotnet\sdk\8.0.400\Extensions\Microsoft.TestPlatform.TestHostRuntimeProvider.dll
C:\Program Files\dotnet\sdk\8.0.400\Extensions\Microsoft.VisualStudio.TestPlatform.Extensions.Html.TestLogger.dll
C:\Program Files\dotnet\sdk\8.0.400\Extensions\Microsoft.VisualStudio.TestPlatform.Extensions.Trx.TestLogger.dll
TpTrace Verbose: 0 : 20756, 5, 2025/01/05, 02:49:20.114, 562354102132, vstest.console.dll, TestPluginCache.GetExtensionPaths: Added unfilterableExtensionPaths: 
TpTrace Verbose: 0 : 20756, 5, 2025/01/05, 02:49:20.116, 562354129311, vstest.console.dll, TestRequestSender.InitializeExecution: Sending initialize execution with message: {"Version":7,"MessageType":"TestExecution.Initialize","Payload":["C:\\Johnny\\Assestment\\BankingAppSolution\\BankingAppUnitTesting\\bin\\Debug\\net6.0\\fine-code-coverage\\build-output\\NUnit3.TestAdapter.dll"]}
TpTrace Verbose: 0 : 20756, 5, 2025/01/05, 02:49:20.117, 562354131509, vstest.console.dll, ParallelProxyExecutionManager.StartTestRunOnConcurrentManager: Execution starting. Started clients: 1
TpTrace Verbose: 0 : 20756, 5, 2025/01/05, 02:49:20.117, 562354133934, vstest.console.dll, TestRunRequest:SendTestRunMessage: Starting.
TpTrace Verbose: 0 : 20756, 5, 2025/01/05, 02:49:20.117, 562354135494, vstest.console.dll, MulticastDelegateUtilities.SafeInvoke: TestRun.LogMessages: Invoking callback 1/1 for Microsoft.VisualStudio.TestPlatform.CommandLine.TestRunResultAggregator., took 0 ms.
TpTrace Information: 0 : 20756, 5, 2025/01/05, 02:49:20.117, 562354136178, vstest.console.dll, TestRunRequest:SendTestRunMessage: Completed.
TpTrace Verbose: 0 : 20756, 12, 2025/01/05, 02:49:20.117, 562354136213, vstest.console.dll, TcpClientExtensions.MessageLoopAsync: NotifyDataAvailable remoteEndPoint: 127.0.0.1:57864 localEndPoint: 127.0.0.1:57863
TpTrace Verbose: 0 : 20756, 4, 2025/01/05, 02:49:20.117, 562354139196, vstest.console.dll, MulticastDelegateUtilities.SafeInvoke: InternalTestLoggerEvents.SendTestRunMessage: Invoking callback 1/1 for Microsoft.VisualStudio.TestPlatform.CommandLine.Internal.ConsoleLogger., took 0 ms.
TpTrace Warning: 0 : 20756, 5, 2025/01/05, 02:49:20.118, 562354141662, vstest.console.dll, InferRunSettingsHelper.MakeRunsettingsCompatible: Removing the following settings: TargetPlatform from RunSettings file. To use those settings please move to latest version of Microsoft.NET.Test.Sdk
TpTrace Verbose: 0 : 20756, 12, 2025/01/05, 02:49:20.118, 562354149793, vstest.console.dll, TestRequestSender.OnExecutionMessageReceived: Received message: {"Version":7,"MessageType":"TestSession.Message","Payload":{"MessageLevel":0,"Message":"Logging TestHost Diagnostics in file: C:\\Johnny\\Assestment\\BankingAppSolution\\BankingAppUnitTesting\\bin\\Debug\\net6.0\\fine-code-coverage\\coverage-tool-output\\diagnostics.host.25-01-05_02-49-19_52462_5.log"}}
TpTrace Verbose: 0 : 20756, 12, 2025/01/05, 02:49:20.122, 562354184789, vstest.console.dll, TestRunRequest:SendTestRunMessage: Starting.
TpTrace Verbose: 0 : 20756, 12, 2025/01/05, 02:49:20.122, 562354186618, vstest.console.dll, MulticastDelegateUtilities.SafeInvoke: TestRun.LogMessages: Invoking callback 1/1 for Microsoft.VisualStudio.TestPlatform.CommandLine.TestRunResultAggregator., took 0 ms.
TpTrace Information: 0 : 20756, 12, 2025/01/05, 02:49:20.122, 562354187187, vstest.console.dll, TestRunRequest:SendTestRunMessage: Completed.
TpTrace Verbose: 0 : 20756, 12, 2025/01/05, 02:49:20.122, 562354187735, vstest.console.dll, MulticastDelegateUtilities.SafeInvoke: LengthPrefixCommunicationChannel: MessageReceived: Invoking callback 1/1 for Microsoft.VisualStudio.TestPlatform.CommunicationUtilities.TestRequestSender+<>c__DisplayClass34_0., took 3 ms.
TpTrace Verbose: 0 : 20756, 4, 2025/01/05, 02:49:20.122, 562354187935, vstest.console.dll, MulticastDelegateUtilities.SafeInvoke: InternalTestLoggerEvents.SendTestRunMessage: Invoking callback 1/1 for Microsoft.VisualStudio.TestPlatform.CommandLine.Internal.ConsoleLogger., took 0 ms.
TpTrace Verbose: 0 : 20756, 12, 2025/01/05, 02:49:20.122, 562354188380, vstest.console.dll, TcpClientExtensions.MessageLoopAsync: Polling on remoteEndPoint: 127.0.0.1:57864 localEndPoint: 127.0.0.1:57863 after 8 ms
TpTrace Verbose: 0 : 20756, 5, 2025/01/05, 02:49:20.127, 562354235694, vstest.console.dll, TestRequestSender.StartTestRun: Sending test run with message: {"Version":7,"MessageType":"TestExecution.StartWithSources","Payload":{"AdapterSourceMap":{"_none_":["C:\\Johnny\\Assestment\\BankingAppSolution\\BankingAppUnitTesting\\bin\\Debug\\net6.0\\fine-code-coverage\\build-output\\BankingAppUnitTesting.dll"]},"RunSettings":"<RunSettings>\r\n  <RunConfiguration>\r\n    <ResultsDirectory>C:\\Johnny\\Assestment\\BankingAppSolution\\BankingAppUnitTesting\\bin\\Debug\\net6.0\\fine-code-coverage\\coverage-tool-output</ResultsDirectory>\r\n    <TargetFrameworkVersion>.NETCoreApp,Version=v6.0</TargetFrameworkVersion>\r\n    <DesignMode>False</DesignMode>\r\n    <CollectSourceInformation>False</CollectSourceInformation>\r\n  </RunConfiguration>\r\n  <LoggerRunSettings>\r\n    <Loggers>\r\n      <Logger friendlyName=\"blame\" enabled=\"True\" />\r\n      <Logger friendlyName=\"Console\" uri=\"logger://microsoft/TestPlatform/ConsoleLogger/v1\" assemblyQualifiedName=\"Microsoft.VisualStudio.TestPlatform.CommandLine.Internal.ConsoleLogger, vstest.console, Version=15.0.0.0, Culture=neutral, PublicKeyToken=b03f5f7f11d50a3a\" codeBase=\"C:\\Program Files\\dotnet\\sdk\\8.0.400\\vstest.console.dll\" enabled=\"True\" />\r\n    </Loggers>\r\n  </LoggerRunSettings>\r\n  <DataCollectionRunSettings>\r\n    <DataCollectors>\r\n      <DataCollector friendlyName=\"blame\" enabled=\"True\">\r\n        <Configuration>\r\n          <ResultsDirectory>C:\\Johnny\\Assestment\\BankingAppSolution\\BankingAppUnitTesting\\bin\\Debug\\net6.0\\fine-code-coverage\\coverage-tool-output</ResultsDirectory>\r\n        </Configuration>\r\n      </DataCollector>\r\n    </DataCollectors>\r\n  </DataCollectionRunSettings>\r\n</RunSettings>","TestExecutionContext":{"FrequencyOfRunStatsChangeEvent":10,"RunStatsChangeEventTimeout":"00:00:01.5000000","InIsolation":false,"KeepAlive":false,"AreTestCaseLevelEventsRequired":false,"IsDebug":false,"TestCaseFilter":null,"FilterOptions":null},"Package":null}}
TpTrace Verbose: 0 : 20756, 5, 2025/01/05, 02:49:20.127, 562354238842, vstest.console.dll, ParallelProxyExecutionManager.StartTestRunOnConcurrentManager: Execution started. Started clients: 1
TpTrace Verbose: 0 : 20756, 12, 2025/01/05, 02:49:20.339, 562356355117, vstest.console.dll, TcpClientExtensions.MessageLoopAsync: NotifyDataAvailable remoteEndPoint: 127.0.0.1:57864 localEndPoint: 127.0.0.1:57863
TpTrace Verbose: 0 : 20756, 12, 2025/01/05, 02:49:20.339, 562356357380, vstest.console.dll, TestRequestSender.OnExecutionMessageReceived: Received message: {"Version":7,"MessageType":"TestSession.Message","Payload":{"MessageLevel":0,"Message":"NUnit Adapter 4.4.0.0: Test execution started"}}
TpTrace Verbose: 0 : 20756, 12, 2025/01/05, 02:49:20.339, 562356360161, vstest.console.dll, TestRunRequest:SendTestRunMessage: Starting.
TpTrace Verbose: 0 : 20756, 12, 2025/01/05, 02:49:20.340, 562356361187, vstest.console.dll, MulticastDelegateUtilities.SafeInvoke: TestRun.LogMessages: Invoking callback 1/1 for Microsoft.VisualStudio.TestPlatform.CommandLine.TestRunResultAggregator., took 0 ms.
TpTrace Information: 0 : 20756, 12, 2025/01/05, 02:49:20.340, 562356361764, vstest.console.dll, TestRunRequest:SendTestRunMessage: Completed.
TpTrace Verbose: 0 : 20756, 4, 2025/01/05, 02:49:20.340, 562356361425, vstest.console.dll, MulticastDelegateUtilities.SafeInvoke: InternalTestLoggerEvents.SendTestRunMessage: Invoking callback 1/1 for Microsoft.VisualStudio.TestPlatform.CommandLine.Internal.ConsoleLogger., took 0 ms.
TpTrace Verbose: 0 : 20756, 12, 2025/01/05, 02:49:20.340, 562356362358, vstest.console.dll, MulticastDelegateUtilities.SafeInvoke: LengthPrefixCommunicationChannel: MessageReceived: Invoking callback 1/1 for Microsoft.VisualStudio.TestPlatform.CommunicationUtilities.TestRequestSender+<>c__DisplayClass34_0., took 0 ms.
TpTrace Verbose: 0 : 20756, 12, 2025/01/05, 02:49:20.340, 562356364129, vstest.console.dll, TcpClientExtensions.MessageLoopAsync: Polling on remoteEndPoint: 127.0.0.1:57864 localEndPoint: 127.0.0.1:57863 after 217 ms
TpTrace Verbose: 0 : 20756, 12, 2025/01/05, 02:49:20.372, 562356689902, vstest.console.dll, TcpClientExtensions.MessageLoopAsync: NotifyDataAvailable remoteEndPoint: 127.0.0.1:57864 localEndPoint: 127.0.0.1:57863
TpTrace Verbose: 0 : 20756, 12, 2025/01/05, 02:49:20.373, 562356692153, vstest.console.dll, TestRequestSender.OnExecutionMessageReceived: Received message: {"Version":7,"MessageType":"TestSession.Message","Payload":{"MessageLevel":0,"Message":"Running all tests in C:\\Johnny\\Assestment\\BankingAppSolution\\BankingAppUnitTesting\\bin\\Debug\\net6.0\\fine-code-coverage\\build-output\\BankingAppUnitTesting.dll"}}
TpTrace Verbose: 0 : 20756, 12, 2025/01/05, 02:49:20.373, 562356694026, vstest.console.dll, TestRunRequest:SendTestRunMessage: Starting.
TpTrace Verbose: 0 : 20756, 12, 2025/01/05, 02:49:20.373, 562356695115, vstest.console.dll, MulticastDelegateUtilities.SafeInvoke: TestRun.LogMessages: Invoking callback 1/1 for Microsoft.VisualStudio.TestPlatform.CommandLine.TestRunResultAggregator., took 0 ms.
TpTrace Verbose: 0 : 20756, 4, 2025/01/05, 02:49:20.373, 562356695344, vstest.console.dll, MulticastDelegateUtilities.SafeInvoke: InternalTestLoggerEvents.SendTestRunMessage: Invoking callback 1/1 for Microsoft.VisualStudio.TestPlatform.CommandLine.Internal.ConsoleLogger., took 0 ms.
TpTrace Information: 0 : 20756, 12, 2025/01/05, 02:49:20.373, 562356696542, vstest.console.dll, TestRunRequest:SendTestRunMessage: Completed.
TpTrace Verbose: 0 : 20756, 12, 2025/01/05, 02:49:20.373, 562356697255, vstest.console.dll, MulticastDelegateUtilities.SafeInvoke: LengthPrefixCommunicationChannel: MessageReceived: Invoking callback 1/1 for Microsoft.VisualStudio.TestPlatform.CommunicationUtilities.TestRequestSender+<>c__DisplayClass34_0., took 0 ms.
TpTrace Verbose: 0 : 20756, 12, 2025/01/05, 02:49:20.373, 562356697630, vstest.console.dll, TcpClientExtensions.MessageLoopAsync: Polling on remoteEndPoint: 127.0.0.1:57864 localEndPoint: 127.0.0.1:57863 after 33 ms
TpTrace Verbose: 0 : 20756, 12, 2025/01/05, 02:49:20.541, 562358378893, vstest.console.dll, TcpClientExtensions.MessageLoopAsync: NotifyDataAvailable remoteEndPoint: 127.0.0.1:57864 localEndPoint: 127.0.0.1:57863
TpTrace Verbose: 0 : 20756, 12, 2025/01/05, 02:49:20.542, 562358380804, vstest.console.dll, TestRequestSender.OnExecutionMessageReceived: Received message: {"Version":7,"MessageType":"TestSession.Message","Payload":{"MessageLevel":0,"Message":"   NUnit3TestExecutor discovered 37 of 37 NUnit test cases using Current Discovery mode, Non-Explicit run"}}
TpTrace Verbose: 0 : 20756, 12, 2025/01/05, 02:49:20.542, 562358381949, vstest.console.dll, TestRunRequest:SendTestRunMessage: Starting.
TpTrace Verbose: 0 : 20756, 12, 2025/01/05, 02:49:20.542, 562358382598, vstest.console.dll, MulticastDelegateUtilities.SafeInvoke: TestRun.LogMessages: Invoking callback 1/1 for Microsoft.VisualStudio.TestPlatform.CommandLine.TestRunResultAggregator., took 0 ms.
TpTrace Information: 0 : 20756, 12, 2025/01/05, 02:49:20.542, 562358382971, vstest.console.dll, TestRunRequest:SendTestRunMessage: Completed.
TpTrace Verbose: 0 : 20756, 12, 2025/01/05, 02:49:20.542, 562358383311, vstest.console.dll, MulticastDelegateUtilities.SafeInvoke: LengthPrefixCommunicationChannel: MessageReceived: Invoking callback 1/1 for Microsoft.VisualStudio.TestPlatform.CommunicationUtilities.TestRequestSender+<>c__DisplayClass34_0., took 0 ms.
TpTrace Verbose: 0 : 20756, 12, 2025/01/05, 02:49:20.542, 562358383667, vstest.console.dll, TcpClientExtensions.MessageLoopAsync: Polling on remoteEndPoint: 127.0.0.1:57864 localEndPoint: 127.0.0.1:57863 after 168 ms
TpTrace Verbose: 0 : 20756, 4, 2025/01/05, 02:49:20.542, 562358384191, vstest.console.dll, MulticastDelegateUtilities.SafeInvoke: InternalTestLoggerEvents.SendTestRunMessage: Invoking callback 1/1 for Microsoft.VisualStudio.TestPlatform.CommandLine.Internal.ConsoleLogger., took 0 ms.
TpTrace Verbose: 0 : 20756, 12, 2025/01/05, 02:49:20.800, 562360967963, vstest.console.dll, TcpClientExtensions.MessageLoopAsync: NotifyDataAvailable remoteEndPoint: 127.0.0.1:57864 localEndPoint: 127.0.0.1:57863
TpTrace Verbose: 0 : 20756, 12, 2025/01/05, 02:49:20.801, 562360974066, vstest.console.dll, TestRequestSender.OnExecutionMessageReceived: Received message: {"Version":7,"MessageType":"TestExecution.StatsChange","Payload":{"NewTestResults":[{"TestCase":{"Id":"981c4d1f-6e20-85a8-0d49-ee0efd11f032","FullyQualifiedName":"BankingAppUnitTesting.CustomerControllerTest.CreateCustomer_BadRequest_400_Test","DisplayName":"CreateCustomer_BadRequest_400_Test","ExecutorUri":"executor://NUnit3TestExecutor","Source":"C:\\Johnny\\Assestment\\BankingAppSolution\\BankingAppUnitTesting\\bin\\Debug\\net6.0\\fine-code-coverage\\build-output\\BankingAppUnitTesting.dll","CodeFilePath":null,"LineNumber":0,"Properties":[{"Key":{"Id":"NUnit.Seed","Label":"Seed","Category":"","Description":"","Attributes":0,"ValueType":"System.String"},"Value":"1980055072"}]},"Attachments":[],"Outcome":1,"ErrorMessage":null,"ErrorStackTrace":null,"DisplayName":"CreateCustomer_BadRequest_400_Test","Messages":[],"ComputerName":"5CD413DKRZ","Duration":"00:00:00.1185420","StartTime":"2025-01-04T21:19:20.5644477+00:00","EndTime":"2025-01-04T21:19:20.6829345+00:00","Properties":[{"Key":{"Id":"NUnit.Seed","Label":"Seed","Category":"","Description":"","Attributes":0,"ValueType":"System.String"},"Value":"1980055072"}]},{"TestCase":{"Id":"f3d9b005-9592-de8b-37f9-5076ff326cbd","FullyQualifiedName":"BankingAppUnitTesting.CustomerControllerTest.CreateCustomer_BlankField_BadRequest_400_Test","DisplayName":"CreateCustomer_BlankField_BadRequest_400_Test","ExecutorUri":"executor://NUnit3TestExecutor","Source":"C:\\Johnny\\Assestment\\BankingAppSolution\\BankingAppUnitTesting\\bin\\Debug\\net6.0\\fine-code-coverage\\build-output\\BankingAppUnitTesting.dll","CodeFilePath":null,"LineNumber":0,"Properties":[{"Key":{"Id":"NUnit.Seed","Label":"Seed","Category":"","Description":"","Attributes":0,"ValueType":"System.String"},"Value":"7113064"}]},"Attachments":[],"Outcome":1,"ErrorMessage":null,"ErrorStackTrace":null,"DisplayName":"CreateCustomer_BlankField_BadRequest_400_Test","Messages":[],"ComputerName":"5CD413DKRZ","Duration":"00:00:00.0014850","StartTime":"2025-01-04T21:19:20.6841216+00:00","EndTime":"2025-01-04T21:19:20.6856064+00:00","Properties":[{"Key":{"Id":"NUnit.Seed","Label":"Seed","Category":"","Description":"","Attributes":0,"ValueType":"System.String"},"Value":"7113064"}]},{"TestCase":{"Id":"2f2c0581-28df-2e36-d8a2-eb0bb6af1a97","FullyQualifiedName":"BankingAppUnitTesting.CustomerControllerTest.CreateCustomer_InternalServerError_500_Test","DisplayName":"CreateCustomer_InternalServerError_500_Test","ExecutorUri":"executor://NUnit3TestExecutor","Source":"C:\\Johnny\\Assestment\\BankingAppSolution\\BankingAppUnitTesting\\bin\\Debug\\net6.0\\fine-code-coverage\\build-output\\BankingAppUnitTesting.dll","CodeFilePath":null,"LineNumber":0,"Properties":[{"Key":{"Id":"NUnit.Seed","Label":"Seed","Category":"","Description":"","Attributes":0,"ValueType":"System.String"},"Value":"1270964794"}]},"Attachments":[],"Outcome":1,"ErrorMessage":null,"ErrorStackTrace":null,"DisplayName":"CreateCustomer_InternalServerError_500_Test","Messages":[],"ComputerName":"5CD413DKRZ","Duration":"00:00:00.0009960","StartTime":"2025-01-04T21:19:20.6856673+00:00","EndTime":"2025-01-04T21:19:20.6866628+00:00","Properties":[{"Key":{"Id":"NUnit.Seed","Label":"Seed","Category":"","Description":"","Attributes":0,"ValueType":"System.String"},"Value":"1270964794"}]},{"TestCase":{"Id":"28c0aedc-bcad-3c7a-ae92-a50e481fcf0b","FullyQualifiedName":"BankingAppUnitTesting.CustomerControllerTest.CreateCustomer_Success_200_Test","DisplayName":"CreateCustomer_Success_200_Test","ExecutorUri":"executor://NUnit3TestExecutor","Source":"C:\\Johnny\\Assestment\\BankingAppSolution\\BankingAppUnitTesting\\bin\\Debug\\net6.0\\fine-code-coverage\\build-output\\BankingAppUnitTesting.dll","CodeFilePath":null,"LineNumber":0,"Properties":[{"Key":{"Id":"NUnit.Seed","Label":"Seed","Category":"","Description":"","Attributes":0,"ValueType":"System.String"},"Value":"356814409"}]},"Attachments":[],"Outcome":1,"ErrorMessage":null,"ErrorStackTrace":null,"DisplayName":"CreateCustomer_Success_200_Test","Messages":[],"ComputerName":"5CD413DKRZ","Duration":"00:00:00.0020970","StartTime":"2025-01-04T21:19:20.6866748+00:00","EndTime":"2025-01-04T21:19:20.6887715+00:00","Properties":[{"Key":{"Id":"NUnit.Seed","Label":"Seed","Category":"","Description":"","Attributes":0,"ValueType":"System.String"},"Value":"356814409"}]},{"TestCase":{"Id":"be72b032-c99a-ee50-b3ea-327ebcc5b7e9","FullyQualifiedName":"BankingAppUnitTesting.CustomerControllerTest.Delete_BadRequest_400_Test","DisplayName":"Delete_BadRequest_400_Test","ExecutorUri":"executor://NUnit3TestExecutor","Source":"C:\\Johnny\\Assestment\\BankingAppSolution\\BankingAppUnitTesting\\bin\\Debug\\net6.0\\fine-code-coverage\\build-output\\BankingAppUnitTesting.dll","CodeFilePath":null,"LineNumber":0,"Properties":[{"Key":{"Id":"NUnit.Seed","Label":"Seed","Category":"","Description":"","Attributes":0,"ValueType":"System.String"},"Value":"1553258310"}]},"Attachments":[],"Outcome":1,"ErrorMessage":null,"ErrorStackTrace":null,"DisplayName":"Delete_BadRequest_400_Test","Messages":[],"ComputerName":"5CD413DKRZ","Duration":"00:00:00.0019650","StartTime":"2025-01-04T21:19:20.6887857+00:00","EndTime":"2025-01-04T21:19:20.6907506+00:00","Properties":[{"Key":{"Id":"NUnit.Seed","Label":"Seed","Category":"","Description":"","Attributes":0,"ValueType":"System.String"},"Value":"1553258310"}]},{"TestCase":{"Id":"a0c881d5-9da3-6b3a-f16c-34ec2b4313df","FullyQualifiedName":"BankingAppUnitTesting.CustomerControllerTest.Delete_InternalServerError_500_Test","DisplayName":"Delete_InternalServerError_500_Test","ExecutorUri":"executor://NUnit3TestExecutor","Source":"C:\\Johnny\\Assestment\\BankingAppSolution\\BankingAppUnitTesting\\bin\\Debug\\net6.0\\fine-code-coverage\\build-output\\BankingAppUnitTesting.dll","CodeFilePath":null,"LineNumber":0,"Properties":[{"Key":{"Id":"NUnit.Seed","Label":"Seed","Category":"","Description":"","Attributes":0,"ValueType":"System.String"},"Value":"895801068"}]},"Attachments":[],"Outcome":1,"ErrorMessage":null,"ErrorStackTrace":null,"DisplayName":"Delete_InternalServerError_500_Test","Messages":[],"ComputerName":"5CD413DKRZ","Duration":"00:00:00.0006500","StartTime":"2025-01-04T21:19:20.6907628+00:00","EndTime":"2025-01-04T21:19:20.6914122+00:00","Properties":[{"Key":{"Id":"NUnit.Seed","Label":"Seed","Category":"","Description":"","Attributes":0,"ValueType":"System.String"},"Value":"895801068"}]},{"TestCase":{"Id":"d98c68f0-75b2-9001-8719-a16191c921c4","FullyQualifiedName":"BankingAppUnitTesting.CustomerControllerTest.Delete_Success_200_Test","DisplayName":"Delete_Success_200_Test","ExecutorUri":"executor://NUnit3TestExecutor","Source":"C:\\Johnny\\Assestment\\BankingAppSolution\\BankingAppUnitTesting\\bin\\Debug\\net6.0\\fine-code-coverage\\build-output\\BankingAppUnitTesting.dll","CodeFilePath":null,"LineNumber":0,"Properties":[{"Key":{"Id":"NUnit.Seed","Label":"Seed","Category":"","Description":"","Attributes":0,"ValueType":"System.String"},"Value":"1319073426"}]},"Attachments":[],"Outcome":1,"ErrorMessage":null,"ErrorStackTrace":null,"DisplayName":"Delete_Success_200_Test","Messages":[],"ComputerName":"5CD413DKRZ","Duration":"00:00:00.0006950","StartTime":"2025-01-04T21:19:20.6914235+00:00","EndTime":"2025-01-04T21:19:20.6921185+00:00","Properties":[{"Key":{"Id":"NUnit.Seed","Label":"Seed","Category":"","Description":"","Attributes":0,"ValueType":"System.String"},"Value":"1319073426"}]},{"TestCase":{"Id":"d8e903c7-d15b-0868-ade4-fe07becdb641","FullyQualifiedName":"BankingAppUnitTesting.CustomerControllerTest.GetAllCustomer_EmptyCollectionException_Test","DisplayName":"GetAllCustomer_EmptyCollectionException_Test","ExecutorUri":"executor://NUnit3TestExecutor","Source":"C:\\Johnny\\Assestment\\BankingAppSolution\\BankingAppUnitTesting\\bin\\Debug\\net6.0\\fine-code-coverage\\build-output\\BankingAppUnitTesting.dll","CodeFilePath":null,"LineNumber":0,"Properties":[{"Key":{"Id":"NUnit.Seed","Label":"Seed","Category":"","Description":"","Attributes":0,"ValueType":"System.String"},"Value":"1340443221"}]},"Attachments":[],"Outcome":1,"ErrorMessage":null,"ErrorStackTrace":null,"DisplayName":"GetAllCustomer_EmptyCollectionException_Test","Messages":[],"ComputerName":"5CD413DKRZ","Duration":"00:00:00.0018690","StartTime":"2025-01-04T21:19:20.6921296+00:00","EndTime":"2025-01-04T21:19:20.6939985+00:00","Properties":[{"Key":{"Id":"NUnit.Seed","Label":"Seed","Category":"","Description":"","Attributes":0,"ValueType":"System.String"},"Value":"1340443221"}]},{"TestCase":{"Id":"52d2cc5d-30f5-0673-5651-a7d35fe91f35","FullyQualifiedName":"BankingAppUnitTesting.CustomerControllerTest.GetAllCustomer_InternalServerError_500_Test","DisplayName":"GetAllCustomer_InternalServerError_500_Test","ExecutorUri":"executor://NUnit3TestExecutor","Source":"C:\\Johnny\\Assestment\\BankingAppSolution\\BankingAppUnitTesting\\bin\\Debug\\net6.0\\fine-code-coverage\\build-output\\BankingAppUnitTesting.dll","CodeFilePath":null,"LineNumber":0,"Properties":[{"Key":{"Id":"NUnit.Seed","Label":"Seed","Category":"","Description":"","Attributes":0,"ValueType":"System.String"},"Value":"1517425497"}]},"Attachments":[],"Outcome":1,"ErrorMessage":null,"ErrorStackTrace":null,"DisplayName":"GetAllCustomer_InternalServerError_500_Test","Messages":[],"ComputerName":"5CD413DKRZ","Duration":"00:00:00.0006759","StartTime":"2025-01-04T21:19:20.6940109+00:00","EndTime":"2025-01-04T21:19:20.6946864+00:00","Properties":[{"Key":{"Id":"NUnit.Seed","Label":"Seed","Category":"","Description":"","Attributes":0,"ValueType":"System.String"},"Value":"1517425497"}]}],"TestRunStatistics":{"ExecutedTests":9,"Stats":{"Passed":9}},"ActiveTests":[{"Id":"c5e7be6c-9c77-b947-9fb6-afd8a0208954","FullyQualifiedName":"BankingAppUnitTesting.CustomerControllerTest.GetAllCustomer_Success_200_Test","DisplayName":"GetAllCustomer_Success_200_Test","ExecutorUri":"executor://NUnit3TestExecutor","Source":"C:\\Johnny\\Assestment\\BankingAppSolution\\BankingAppUnitTesting\\bin\\Debug\\net6.0\\fine-code-coverage\\build-output\\BankingAppUnitTesting.dll","CodeFilePath":null,"LineNumber":0,"Properties":[{"Key":{"Id":"NUnit.Seed","Label":"Seed","Category":"","Description":"","Attributes":0,"ValueType":"System.String"},"Value":"1420695783"}]}]}}
TpTrace Verbose: 0 : 20756, 12, 2025/01/05, 02:49:20.824, 562361205431, vstest.console.dll, TestRunRequest:SendTestRunStatsChange: Starting.
TpTrace Verbose: 0 : 20756, 12, 2025/01/05, 02:49:20.824, 562361207001, vstest.console.dll, InProgress is GetAllCustomer_Success_200_Test
TpTrace Verbose: 0 : 20756, 12, 2025/01/05, 02:49:20.824, 562361208759, vstest.console.dll, MulticastDelegateUtilities.SafeInvoke: TestRun.RunStatsChanged: Invoking callbacks was skipped because there are no subscribers.
TpTrace Information: 0 : 20756, 12, 2025/01/05, 02:49:20.824, 562361209266, vstest.console.dll, TestRunRequest:SendTestRunStatsChange: Completed.
TpTrace Verbose: 0 : 20756, 12, 2025/01/05, 02:49:20.824, 562361209766, vstest.console.dll, MulticastDelegateUtilities.SafeInvoke: LengthPrefixCommunicationChannel: MessageReceived: Invoking callback 1/1 for Microsoft.VisualStudio.TestPlatform.CommunicationUtilities.TestRequestSender+<>c__DisplayClass34_0., took 23 ms.
TpTrace Verbose: 0 : 20756, 12, 2025/01/05, 02:49:20.824, 562361210114, vstest.console.dll, TcpClientExtensions.MessageLoopAsync: Polling on remoteEndPoint: 127.0.0.1:57864 localEndPoint: 127.0.0.1:57863 after 282 ms
TpTrace Verbose: 0 : 20756, 4, 2025/01/05, 02:49:20.827, 562361231087, vstest.console.dll, MulticastDelegateUtilities.SafeInvoke: InternalTestLoggerEvents.SendTestResult: Invoking callback 1/1 for Microsoft.VisualStudio.TestPlatform.CommandLine.Internal.ConsoleLogger., took 2 ms.
TpTrace Verbose: 0 : 20756, 4, 2025/01/05, 02:49:20.827, 562361235228, vstest.console.dll, MulticastDelegateUtilities.SafeInvoke: InternalTestLoggerEvents.SendTestResult: Invoking callback 1/1 for Microsoft.VisualStudio.TestPlatform.CommandLine.Internal.ConsoleLogger., took 0 ms.
TpTrace Verbose: 0 : 20756, 4, 2025/01/05, 02:49:20.827, 562361236253, vstest.console.dll, MulticastDelegateUtilities.SafeInvoke: InternalTestLoggerEvents.SendTestResult: Invoking callback 1/1 for Microsoft.VisualStudio.TestPlatform.CommandLine.Internal.ConsoleLogger., took 0 ms.
TpTrace Verbose: 0 : 20756, 4, 2025/01/05, 02:49:20.827, 562361237018, vstest.console.dll, MulticastDelegateUtilities.SafeInvoke: InternalTestLoggerEvents.SendTestResult: Invoking callback 1/1 for Microsoft.VisualStudio.TestPlatform.CommandLine.Internal.ConsoleLogger., took 0 ms.
TpTrace Verbose: 0 : 20756, 4, 2025/01/05, 02:49:20.827, 562361237904, vstest.console.dll, MulticastDelegateUtilities.SafeInvoke: InternalTestLoggerEvents.SendTestResult: Invoking callback 1/1 for Microsoft.VisualStudio.TestPlatform.CommandLine.Internal.ConsoleLogger., took 0 ms.
TpTrace Verbose: 0 : 20756, 4, 2025/01/05, 02:49:20.827, 562361238534, vstest.console.dll, MulticastDelegateUtilities.SafeInvoke: InternalTestLoggerEvents.SendTestResult: Invoking callback 1/1 for Microsoft.VisualStudio.TestPlatform.CommandLine.Internal.ConsoleLogger., took 0 ms.
TpTrace Verbose: 0 : 20756, 4, 2025/01/05, 02:49:20.827, 562361239153, vstest.console.dll, MulticastDelegateUtilities.SafeInvoke: InternalTestLoggerEvents.SendTestResult: Invoking callback 1/1 for Microsoft.VisualStudio.TestPlatform.CommandLine.Internal.ConsoleLogger., took 0 ms.
TpTrace Verbose: 0 : 20756, 4, 2025/01/05, 02:49:20.827, 562361239899, vstest.console.dll, MulticastDelegateUtilities.SafeInvoke: InternalTestLoggerEvents.SendTestResult: Invoking callback 1/1 for Microsoft.VisualStudio.TestPlatform.CommandLine.Internal.ConsoleLogger., took 0 ms.
TpTrace Verbose: 0 : 20756, 4, 2025/01/05, 02:49:20.828, 562361241042, vstest.console.dll, MulticastDelegateUtilities.SafeInvoke: InternalTestLoggerEvents.SendTestResult: Invoking callback 1/1 for Microsoft.VisualStudio.TestPlatform.CommandLine.Internal.ConsoleLogger., took 0 ms.
TpTrace Verbose: 0 : 20756, 12, 2025/01/05, 02:49:21.294, 562365906726, vstest.console.dll, TcpClientExtensions.MessageLoopAsync: NotifyDataAvailable remoteEndPoint: 127.0.0.1:57864 localEndPoint: 127.0.0.1:57863
TpTrace Verbose: 0 : 20756, 12, 2025/01/05, 02:49:21.295, 562365910348, vstest.console.dll, TestRequestSender.OnExecutionMessageReceived: Received message: {"Version":7,"MessageType":"TestExecution.StatsChange","Payload":{"NewTestResults":[{"TestCase":{"Id":"c5e7be6c-9c77-b947-9fb6-afd8a0208954","FullyQualifiedName":"BankingAppUnitTesting.CustomerControllerTest.GetAllCustomer_Success_200_Test","DisplayName":"GetAllCustomer_Success_200_Test","ExecutorUri":"executor://NUnit3TestExecutor","Source":"C:\\Johnny\\Assestment\\BankingAppSolution\\BankingAppUnitTesting\\bin\\Debug\\net6.0\\fine-code-coverage\\build-output\\BankingAppUnitTesting.dll","CodeFilePath":null,"LineNumber":0,"Properties":[{"Key":{"Id":"NUnit.Seed","Label":"Seed","Category":"","Description":"","Attributes":0,"ValueType":"System.String"},"Value":"1420695783"}]},"Attachments":[],"Outcome":1,"ErrorMessage":null,"ErrorStackTrace":null,"DisplayName":"GetAllCustomer_Success_200_Test","Messages":[],"ComputerName":"5CD413DKRZ","Duration":"00:00:00.0019500","StartTime":"2025-01-04T21:19:20.6947022+00:00","EndTime":"2025-01-04T21:19:20.6966515+00:00","Properties":[{"Key":{"Id":"NUnit.Seed","Label":"Seed","Category":"","Description":"","Attributes":0,"ValueType":"System.String"},"Value":"1420695783"}]},{"TestCase":{"Id":"bc4c4484-caa7-a9ec-ab21-7e3f99dcb9d5","FullyQualifiedName":"BankingAppUnitTesting.CustomerControllerTest.GetCustomer_BadRequest_400_Test","DisplayName":"GetCustomer_BadRequest_400_Test","ExecutorUri":"executor://NUnit3TestExecutor","Source":"C:\\Johnny\\Assestment\\BankingAppSolution\\BankingAppUnitTesting\\bin\\Debug\\net6.0\\fine-code-coverage\\build-output\\BankingAppUnitTesting.dll","CodeFilePath":null,"LineNumber":0,"Properties":[{"Key":{"Id":"NUnit.Seed","Label":"Seed","Category":"","Description":"","Attributes":0,"ValueType":"System.String"},"Value":"769972403"}]},"Attachments":[],"Outcome":1,"ErrorMessage":null,"ErrorStackTrace":null,"DisplayName":"GetCustomer_BadRequest_400_Test","Messages":[],"ComputerName":"5CD413DKRZ","Duration":"00:00:00.0029270","StartTime":"2025-01-04T21:19:20.6966796+00:00","EndTime":"2025-01-04T21:19:20.6996062+00:00","Properties":[{"Key":{"Id":"NUnit.Seed","Label":"Seed","Category":"","Description":"","Attributes":0,"ValueType":"System.String"},"Value":"769972403"}]},{"TestCase":{"Id":"09205634-866b-33b2-9182-cd36236cf93c","FullyQualifiedName":"BankingAppUnitTesting.CustomerControllerTest.GetCustomer_InternalServerError_500_Test","DisplayName":"GetCustomer_InternalServerError_500_Test","ExecutorUri":"executor://NUnit3TestExecutor","Source":"C:\\Johnny\\Assestment\\BankingAppSolution\\BankingAppUnitTesting\\bin\\Debug\\net6.0\\fine-code-coverage\\build-output\\BankingAppUnitTesting.dll","CodeFilePath":null,"LineNumber":0,"Properties":[{"Key":{"Id":"NUnit.Seed","Label":"Seed","Category":"","Description":"","Attributes":0,"ValueType":"System.String"},"Value":"980948675"}]},"Attachments":[],"Outcome":1,"ErrorMessage":null,"ErrorStackTrace":null,"DisplayName":"GetCustomer_InternalServerError_500_Test","Messages":[],"ComputerName":"5CD413DKRZ","Duration":"00:00:00.0010880","StartTime":"2025-01-04T21:19:20.6996295+00:00","EndTime":"2025-01-04T21:19:20.7007173+00:00","Properties":[{"Key":{"Id":"NUnit.Seed","Label":"Seed","Category":"","Description":"","Attributes":0,"ValueType":"System.String"},"Value":"980948675"}]},{"TestCase":{"Id":"2ae102ef-ba6d-6da3-6dce-376c2fb94815","FullyQualifiedName":"BankingAppUnitTesting.CustomerControllerTest.GetCustomer_Success_200_Test","DisplayName":"GetCustomer_Success_200_Test","ExecutorUri":"executor://NUnit3TestExecutor","Source":"C:\\Johnny\\Assestment\\BankingAppSolution\\BankingAppUnitTesting\\bin\\Debug\\net6.0\\fine-code-coverage\\build-output\\BankingAppUnitTesting.dll","CodeFilePath":null,"LineNumber":0,"Properties":[{"Key":{"Id":"NUnit.Seed","Label":"Seed","Category":"","Description":"","Attributes":0,"ValueType":"System.String"},"Value":"1109588891"}]},"Attachments":[],"Outcome":1,"ErrorMessage":null,"ErrorStackTrace":null,"DisplayName":"GetCustomer_Success_200_Test","Messages":[],"ComputerName":"5CD413DKRZ","Duration":"00:00:00.0010370","StartTime":"2025-01-04T21:19:20.7007349+00:00","EndTime":"2025-01-04T21:19:20.7017714+00:00","Properties":[{"Key":{"Id":"NUnit.Seed","Label":"Seed","Category":"","Description":"","Attributes":0,"ValueType":"System.String"},"Value":"1109588891"}]},{"TestCase":{"Id":"15b7f667-e8dd-c029-65f0-45a97d1ab9b8","FullyQualifiedName":"BankingAppUnitTesting.CustomerControllerTest.Update_BadRequest_400_Test","DisplayName":"Update_BadRequest_400_Test","ExecutorUri":"executor://NUnit3TestExecutor","Source":"C:\\Johnny\\Assestment\\BankingAppSolution\\BankingAppUnitTesting\\bin\\Debug\\net6.0\\fine-code-coverage\\build-output\\BankingAppUnitTesting.dll","CodeFilePath":null,"LineNumber":0,"Properties":[{"Key":{"Id":"NUnit.Seed","Label":"Seed","Category":"","Description":"","Attributes":0,"ValueType":"System.String"},"Value":"1921140346"}]},"Attachments":[],"Outcome":1,"ErrorMessage":null,"ErrorStackTrace":null,"DisplayName":"Update_BadRequest_400_Test","Messages":[],"ComputerName":"5CD413DKRZ","Duration":"00:00:00.0063029","StartTime":"2025-01-04T21:19:20.7017872+00:00","EndTime":"2025-01-04T21:19:20.7080902+00:00","Properties":[{"Key":{"Id":"NUnit.Seed","Label":"Seed","Category":"","Description":"","Attributes":0,"ValueType":"System.String"},"Value":"1921140346"}]},{"TestCase":{"Id":"326764e9-dbe1-cc84-d9e7-1118bf80a918","FullyQualifiedName":"BankingAppUnitTesting.CustomerControllerTest.Update_InternalServerError_500_Test","DisplayName":"Update_InternalServerError_500_Test","ExecutorUri":"executor://NUnit3TestExecutor","Source":"C:\\Johnny\\Assestment\\BankingAppSolution\\BankingAppUnitTesting\\bin\\Debug\\net6.0\\fine-code-coverage\\build-output\\BankingAppUnitTesting.dll","CodeFilePath":null,"LineNumber":0,"Properties":[{"Key":{"Id":"NUnit.Seed","Label":"Seed","Category":"","Description":"","Attributes":0,"ValueType":"System.String"},"Value":"1321294960"}]},"Attachments":[],"Outcome":1,"ErrorMessage":null,"ErrorStackTrace":null,"DisplayName":"Update_InternalServerError_500_Test","Messages":[],"ComputerName":"5CD413DKRZ","Duration":"00:00:00.0012150","StartTime":"2025-01-04T21:19:20.7081075+00:00","EndTime":"2025-01-04T21:19:20.709322+00:00","Properties":[{"Key":{"Id":"NUnit.Seed","Label":"Seed","Category":"","Description":"","Attributes":0,"ValueType":"System.String"},"Value":"1321294960"}]},{"TestCase":{"Id":"36f514b7-1a10-72dd-e307-3fe9007eb0f1","FullyQualifiedName":"BankingAppUnitTesting.CustomerControllerTest.Update_Success_200_Test","DisplayName":"Update_Success_200_Test","ExecutorUri":"executor://NUnit3TestExecutor","Source":"C:\\Johnny\\Assestment\\BankingAppSolution\\BankingAppUnitTesting\\bin\\Debug\\net6.0\\fine-code-coverage\\build-output\\BankingAppUnitTesting.dll","CodeFilePath":null,"LineNumber":0,"Properties":[{"Key":{"Id":"NUnit.Seed","Label":"Seed","Category":"","Description":"","Attributes":0,"ValueType":"System.String"},"Value":"1281679855"}]},"Attachments":[],"Outcome":1,"ErrorMessage":null,"ErrorStackTrace":null,"DisplayName":"Update_Success_200_Test","Messages":[],"ComputerName":"5CD413DKRZ","Duration":"00:00:00.0012140","StartTime":"2025-01-04T21:19:20.7093345+00:00","EndTime":"2025-01-04T21:19:20.7105485+00:00","Properties":[{"Key":{"Id":"NUnit.Seed","Label":"Seed","Category":"","Description":"","Attributes":0,"ValueType":"System.String"},"Value":"1281679855"}]},{"TestCase":{"Id":"12578571-12f7-e44e-1073-d6426cde815b","FullyQualifiedName":"BankingAppUnitTesting.CustomerRepositoryTest.CustomerAdd_Success_Test","DisplayName":"CustomerAdd_Success_Test","ExecutorUri":"executor://NUnit3TestExecutor","Source":"C:\\Johnny\\Assestment\\BankingAppSolution\\BankingAppUnitTesting\\bin\\Debug\\net6.0\\fine-code-coverage\\build-output\\BankingAppUnitTesting.dll","CodeFilePath":null,"LineNumber":0,"Properties":[{"Key":{"Id":"NUnit.Seed","Label":"Seed","Category":"","Description":"","Attributes":0,"ValueType":"System.String"},"Value":"1635140874"}]},"Attachments":[],"Outcome":1,"ErrorMessage":null,"ErrorStackTrace":null,"DisplayName":"CustomerAdd_Success_Test","Messages":[],"ComputerName":"5CD413DKRZ","Duration":"00:00:00.5437770","StartTime":"2025-01-04T21:19:20.7128456+00:00","EndTime":"2025-01-04T21:19:21.2566216+00:00","Properties":[{"Key":{"Id":"NUnit.Seed","Label":"Seed","Category":"","Description":"","Attributes":0,"ValueType":"System.String"},"Value":"1635140874"}]},{"TestCase":{"Id":"a2b816fe-dd4d-08fa-fc31-7ebf056b1a7f","FullyQualifiedName":"BankingAppUnitTesting.CustomerRepositoryTest.CustomerAddFailed_CouldNotAddException_Test","DisplayName":"CustomerAddFailed_CouldNotAddException_Test","ExecutorUri":"executor://NUnit3TestExecutor","Source":"C:\\Johnny\\Assestment\\BankingAppSolution\\BankingAppUnitTesting\\bin\\Debug\\net6.0\\fine-code-coverage\\build-output\\BankingAppUnitTesting.dll","CodeFilePath":null,"LineNumber":0,"Properties":[{"Key":{"Id":"NUnit.Seed","Label":"Seed","Category":"","Description":"","Attributes":0,"ValueType":"System.String"},"Value":"1425643609"}]},"Attachments":[],"Outcome":1,"ErrorMessage":null,"ErrorStackTrace":null,"DisplayName":"CustomerAddFailed_CouldNotAddException_Test","Messages":[],"ComputerName":"5CD413DKRZ","Duration":"00:00:00.0331150","StartTime":"2025-01-04T21:19:21.2566552+00:00","EndTime":"2025-01-04T21:19:21.2897702+00:00","Properties":[{"Key":{"Id":"NUnit.Seed","Label":"Seed","Category":"","Description":"","Attributes":0,"ValueType":"System.String"},"Value":"1425643609"}]}],"TestRunStatistics":{"ExecutedTests":18,"Stats":{"Passed":18}},"ActiveTests":[{"Id":"15c9edd0-e8fe-3463-b328-b7d65d662a0e","FullyQualifiedName":"BankingAppUnitTesting.CustomerRepositoryTest.Delete_Success_Test","DisplayName":"Delete_Success_Test","ExecutorUri":"executor://NUnit3TestExecutor","Source":"C:\\Johnny\\Assestment\\BankingAppSolution\\BankingAppUnitTesting\\bin\\Debug\\net6.0\\fine-code-coverage\\build-output\\BankingAppUnitTesting.dll","CodeFilePath":null,"LineNumber":0,"Properties":[{"Key":{"Id":"NUnit.Seed","Label":"Seed","Category":"","Description":"","Attributes":0,"ValueType":"System.String"},"Value":"2101383138"}]}]}}
TpTrace Verbose: 0 : 20756, 12, 2025/01/05, 02:49:21.296, 562365927688, vstest.console.dll, TestRunRequest:SendTestRunStatsChange: Starting.
TpTrace Verbose: 0 : 20756, 12, 2025/01/05, 02:49:21.296, 562365928560, vstest.console.dll, InProgress is Delete_Success_Test
TpTrace Verbose: 0 : 20756, 12, 2025/01/05, 02:49:21.296, 562365929262, vstest.console.dll, MulticastDelegateUtilities.SafeInvoke: TestRun.RunStatsChanged: Invoking callbacks was skipped because there are no subscribers.
TpTrace Information: 0 : 20756, 12, 2025/01/05, 02:49:21.296, 562365929570, vstest.console.dll, TestRunRequest:SendTestRunStatsChange: Completed.
TpTrace Verbose: 0 : 20756, 12, 2025/01/05, 02:49:21.296, 562365929879, vstest.console.dll, MulticastDelegateUtilities.SafeInvoke: LengthPrefixCommunicationChannel: MessageReceived: Invoking callback 1/1 for Microsoft.VisualStudio.TestPlatform.CommunicationUtilities.TestRequestSender+<>c__DisplayClass34_0., took 1 ms.
TpTrace Verbose: 0 : 20756, 12, 2025/01/05, 02:49:21.296, 562365930307, vstest.console.dll, TcpClientExtensions.MessageLoopAsync: Polling on remoteEndPoint: 127.0.0.1:57864 localEndPoint: 127.0.0.1:57863 after 471 ms
TpTrace Verbose: 0 : 20756, 4, 2025/01/05, 02:49:21.297, 562365931419, vstest.console.dll, MulticastDelegateUtilities.SafeInvoke: InternalTestLoggerEvents.SendTestResult: Invoking callback 1/1 for Microsoft.VisualStudio.TestPlatform.CommandLine.Internal.ConsoleLogger., took 0 ms.
TpTrace Verbose: 0 : 20756, 4, 2025/01/05, 02:49:21.297, 562365932164, vstest.console.dll, MulticastDelegateUtilities.SafeInvoke: InternalTestLoggerEvents.SendTestResult: Invoking callback 1/1 for Microsoft.VisualStudio.TestPlatform.CommandLine.Internal.ConsoleLogger., took 0 ms.
TpTrace Verbose: 0 : 20756, 4, 2025/01/05, 02:49:21.297, 562365932499, vstest.console.dll, MulticastDelegateUtilities.SafeInvoke: InternalTestLoggerEvents.SendTestResult: Invoking callback 1/1 for Microsoft.VisualStudio.TestPlatform.CommandLine.Internal.ConsoleLogger., took 0 ms.
TpTrace Verbose: 0 : 20756, 4, 2025/01/05, 02:49:21.297, 562365932870, vstest.console.dll, MulticastDelegateUtilities.SafeInvoke: InternalTestLoggerEvents.SendTestResult: Invoking callback 1/1 for Microsoft.VisualStudio.TestPlatform.CommandLine.Internal.ConsoleLogger., took 0 ms.
TpTrace Verbose: 0 : 20756, 4, 2025/01/05, 02:49:21.297, 562365933190, vstest.console.dll, MulticastDelegateUtilities.SafeInvoke: InternalTestLoggerEvents.SendTestResult: Invoking callback 1/1 for Microsoft.VisualStudio.TestPlatform.CommandLine.Internal.ConsoleLogger., took 0 ms.
TpTrace Verbose: 0 : 20756, 4, 2025/01/05, 02:49:21.297, 562365933498, vstest.console.dll, MulticastDelegateUtilities.SafeInvoke: InternalTestLoggerEvents.SendTestResult: Invoking callback 1/1 for Microsoft.VisualStudio.TestPlatform.CommandLine.Internal.ConsoleLogger., took 0 ms.
TpTrace Verbose: 0 : 20756, 4, 2025/01/05, 02:49:21.297, 562365933880, vstest.console.dll, MulticastDelegateUtilities.SafeInvoke: InternalTestLoggerEvents.SendTestResult: Invoking callback 1/1 for Microsoft.VisualStudio.TestPlatform.CommandLine.Internal.ConsoleLogger., took 0 ms.
TpTrace Verbose: 0 : 20756, 4, 2025/01/05, 02:49:21.297, 562365934199, vstest.console.dll, MulticastDelegateUtilities.SafeInvoke: InternalTestLoggerEvents.SendTestResult: Invoking callback 1/1 for Microsoft.VisualStudio.TestPlatform.CommandLine.Internal.ConsoleLogger., took 0 ms.
TpTrace Verbose: 0 : 20756, 4, 2025/01/05, 02:49:21.297, 562365934515, vstest.console.dll, MulticastDelegateUtilities.SafeInvoke: InternalTestLoggerEvents.SendTestResult: Invoking callback 1/1 for Microsoft.VisualStudio.TestPlatform.CommandLine.Internal.ConsoleLogger., took 0 ms.
TpTrace Verbose: 0 : 20756, 12, 2025/01/05, 02:49:21.469, 562367657874, vstest.console.dll, TcpClientExtensions.MessageLoopAsync: NotifyDataAvailable remoteEndPoint: 127.0.0.1:57864 localEndPoint: 127.0.0.1:57863
TpTrace Verbose: 0 : 20756, 12, 2025/01/05, 02:49:21.470, 562367661861, vstest.console.dll, TestRequestSender.OnExecutionMessageReceived: Received message: {"Version":7,"MessageType":"TestExecution.StatsChange","Payload":{"NewTestResults":[{"TestCase":{"Id":"15c9edd0-e8fe-3463-b328-b7d65d662a0e","FullyQualifiedName":"BankingAppUnitTesting.CustomerRepositoryTest.Delete_Success_Test","DisplayName":"Delete_Success_Test","ExecutorUri":"executor://NUnit3TestExecutor","Source":"C:\\Johnny\\Assestment\\BankingAppSolution\\BankingAppUnitTesting\\bin\\Debug\\net6.0\\fine-code-coverage\\build-output\\BankingAppUnitTesting.dll","CodeFilePath":null,"LineNumber":0,"Properties":[{"Key":{"Id":"NUnit.Seed","Label":"Seed","Category":"","Description":"","Attributes":0,"ValueType":"System.String"},"Value":"2101383138"}]},"Attachments":[],"Outcome":1,"ErrorMessage":null,"ErrorStackTrace":null,"DisplayName":"Delete_Success_Test","Messages":[],"ComputerName":"5CD413DKRZ","Duration":"00:00:00.1502149","StartTime":"2025-01-04T21:19:21.2898005+00:00","EndTime":"2025-01-04T21:19:21.4400137+00:00","Properties":[{"Key":{"Id":"NUnit.Seed","Label":"Seed","Category":"","Description":"","Attributes":0,"ValueType":"System.String"},"Value":"2101383138"}]},{"TestCase":{"Id":"1632a4a7-458e-ea3a-e333-0507d92cad02","FullyQualifiedName":"BankingAppUnitTesting.CustomerRepositoryTest.Delete_UserNotFound_InvlidOpertorException_Test","DisplayName":"Delete_UserNotFound_InvlidOpertorException_Test","ExecutorUri":"executor://NUnit3TestExecutor","Source":"C:\\Johnny\\Assestment\\BankingAppSolution\\BankingAppUnitTesting\\bin\\Debug\\net6.0\\fine-code-coverage\\build-output\\BankingAppUnitTesting.dll","CodeFilePath":null,"LineNumber":0,"Properties":[{"Key":{"Id":"NUnit.Seed","Label":"Seed","Category":"","Description":"","Attributes":0,"ValueType":"System.String"},"Value":"695739147"}]},"Attachments":[],"Outcome":1,"ErrorMessage":null,"ErrorStackTrace":null,"DisplayName":"Delete_UserNotFound_InvlidOpertorException_Test","Messages":[],"ComputerName":"5CD413DKRZ","Duration":"00:00:00.0030920","StartTime":"2025-01-04T21:19:21.4403497+00:00","EndTime":"2025-01-04T21:19:21.4434413+00:00","Properties":[{"Key":{"Id":"NUnit.Seed","Label":"Seed","Category":"","Description":"","Attributes":0,"ValueType":"System.String"},"Value":"695739147"}]},{"TestCase":{"Id":"602be8fd-c26e-1395-8a03-10d4f430d0eb","FullyQualifiedName":"BankingAppUnitTesting.CustomerRepositoryTest.Get_Success_test","DisplayName":"Get_Success_test","ExecutorUri":"executor://NUnit3TestExecutor","Source":"C:\\Johnny\\Assestment\\BankingAppSolution\\BankingAppUnitTesting\\bin\\Debug\\net6.0\\fine-code-coverage\\build-output\\BankingAppUnitTesting.dll","CodeFilePath":null,"LineNumber":0,"Properties":[{"Key":{"Id":"NUnit.Seed","Label":"Seed","Category":"","Description":"","Attributes":0,"ValueType":"System.String"},"Value":"1391712565"}]},"Attachments":[],"Outcome":1,"ErrorMessage":null,"ErrorStackTrace":null,"DisplayName":"Get_Success_test","Messages":[],"ComputerName":"5CD413DKRZ","Duration":"00:00:00.0009520","StartTime":"2025-01-04T21:19:21.4434666+00:00","EndTime":"2025-01-04T21:19:21.4444186+00:00","Properties":[{"Key":{"Id":"NUnit.Seed","Label":"Seed","Category":"","Description":"","Attributes":0,"ValueType":"System.String"},"Value":"1391712565"}]},{"TestCase":{"Id":"1db67ec0-ead7-43de-aa01-780acee20835","FullyQualifiedName":"BankingAppUnitTesting.CustomerRepositoryTest.GetAll_EmptyCollectionException","DisplayName":"GetAll_EmptyCollectionException","ExecutorUri":"executor://NUnit3TestExecutor","Source":"C:\\Johnny\\Assestment\\BankingAppSolution\\BankingAppUnitTesting\\bin\\Debug\\net6.0\\fine-code-coverage\\build-output\\BankingAppUnitTesting.dll","CodeFilePath":null,"LineNumber":0,"Properties":[{"Key":{"Id":"NUnit.Seed","Label":"Seed","Category":"","Description":"","Attributes":0,"ValueType":"System.String"},"Value":"1801290527"}]},"Attachments":[],"Outcome":1,"ErrorMessage":null,"ErrorStackTrace":null,"DisplayName":"GetAll_EmptyCollectionException","Messages":[],"ComputerName":"5CD413DKRZ","Duration":"00:00:00.0051940","StartTime":"2025-01-04T21:19:21.4444312+00:00","EndTime":"2025-01-04T21:19:21.4496248+00:00","Properties":[{"Key":{"Id":"NUnit.Seed","Label":"Seed","Category":"","Description":"","Attributes":0,"ValueType":"System.String"},"Value":"1801290527"}]},{"TestCase":{"Id":"51b8b300-1177-67e7-bbd9-3274c6d82f9e","FullyQualifiedName":"BankingAppUnitTesting.CustomerRepositoryTest.GetAllCustomer_Success_test","DisplayName":"GetAllCustomer_Success_test","ExecutorUri":"executor://NUnit3TestExecutor","Source":"C:\\Johnny\\Assestment\\BankingAppSolution\\BankingAppUnitTesting\\bin\\Debug\\net6.0\\fine-code-coverage\\build-output\\BankingAppUnitTesting.dll","CodeFilePath":null,"LineNumber":0,"Properties":[{"Key":{"Id":"NUnit.Seed","Label":"Seed","Category":"","Description":"","Attributes":0,"ValueType":"System.String"},"Value":"277251905"}]},"Attachments":[],"Outcome":1,"ErrorMessage":null,"ErrorStackTrace":null,"DisplayName":"GetAllCustomer_Success_test","Messages":[],"ComputerName":"5CD413DKRZ","Duration":"00:00:00.0016410","StartTime":"2025-01-04T21:19:21.4496489+00:00","EndTime":"2025-01-04T21:19:21.4512896+00:00","Properties":[{"Key":{"Id":"NUnit.Seed","Label":"Seed","Category":"","Description":"","Attributes":0,"ValueType":"System.String"},"Value":"277251905"}]},{"TestCase":{"Id":"8a4ebddf-74fb-aabf-876e-000c365a0255","FullyQualifiedName":"BankingAppUnitTesting.CustomerRepositoryTest.Update_UserNotFound_Exception_Test","DisplayName":"Update_UserNotFound_Exception_Test","ExecutorUri":"executor://NUnit3TestExecutor","Source":"C:\\Johnny\\Assestment\\BankingAppSolution\\BankingAppUnitTesting\\bin\\Debug\\net6.0\\fine-code-coverage\\build-output\\BankingAppUnitTesting.dll","CodeFilePath":null,"LineNumber":0,"Properties":[{"Key":{"Id":"NUnit.Seed","Label":"Seed","Category":"","Description":"","Attributes":0,"ValueType":"System.String"},"Value":"101568057"}]},"Attachments":[],"Outcome":1,"ErrorMessage":null,"ErrorStackTrace":null,"DisplayName":"Update_UserNotFound_Exception_Test","Messages":[],"ComputerName":"5CD413DKRZ","Duration":"00:00:00.0021020","StartTime":"2025-01-04T21:19:21.451304+00:00","EndTime":"2025-01-04T21:19:21.4534059+00:00","Properties":[{"Key":{"Id":"NUnit.Seed","Label":"Seed","Category":"","Description":"","Attributes":0,"ValueType":"System.String"},"Value":"101568057"}]},{"TestCase":{"Id":"972a001f-c7b2-bfc9-04c2-df4fbf82bfb6","FullyQualifiedName":"BankingAppUnitTesting.CustomerRepositoryTest.UpdateAddredUpdate_Success_Test","DisplayName":"UpdateAddredUpdate_Success_Test","ExecutorUri":"executor://NUnit3TestExecutor","Source":"C:\\Johnny\\Assestment\\BankingAppSolution\\BankingAppUnitTesting\\bin\\Debug\\net6.0\\fine-code-coverage\\build-output\\BankingAppUnitTesting.dll","CodeFilePath":null,"LineNumber":0,"Properties":[{"Key":{"Id":"NUnit.Seed","Label":"Seed","Category":"","Description":"","Attributes":0,"ValueType":"System.String"},"Value":"1261170207"}]},"Attachments":[],"Outcome":1,"ErrorMessage":null,"ErrorStackTrace":null,"DisplayName":"UpdateAddredUpdate_Success_Test","Messages":[],"ComputerName":"5CD413DKRZ","Duration":"00:00:00.0038020","StartTime":"2025-01-04T21:19:21.4534203+00:00","EndTime":"2025-01-04T21:19:21.4572224+00:00","Properties":[{"Key":{"Id":"NUnit.Seed","Label":"Seed","Category":"","Description":"","Attributes":0,"ValueType":"System.String"},"Value":"1261170207"}]},{"TestCase":{"Id":"4c96d2ad-b20a-12f1-5532-842a342f4ebe","FullyQualifiedName":"BankingAppUnitTesting.CustomerRepositoryTest.UpdateCityUpdate_Success_Test","DisplayName":"UpdateCityUpdate_Success_Test","ExecutorUri":"executor://NUnit3TestExecutor","Source":"C:\\Johnny\\Assestment\\BankingAppSolution\\BankingAppUnitTesting\\bin\\Debug\\net6.0\\fine-code-coverage\\build-output\\BankingAppUnitTesting.dll","CodeFilePath":null,"LineNumber":0,"Properties":[{"Key":{"Id":"NUnit.Seed","Label":"Seed","Category":"","Description":"","Attributes":0,"ValueType":"System.String"},"Value":"2100005902"}]},"Attachments":[],"Outcome":1,"ErrorMessage":null,"ErrorStackTrace":null,"DisplayName":"UpdateCityUpdate_Success_Test","Messages":[],"ComputerName":"5CD413DKRZ","Duration":"00:00:00.0010110","StartTime":"2025-01-04T21:19:21.4572387+00:00","EndTime":"2025-01-04T21:19:21.458249+00:00","Properties":[{"Key":{"Id":"NUnit.Seed","Label":"Seed","Category":"","Description":"","Attributes":0,"ValueType":"System.String"},"Value":"2100005902"}]},{"TestCase":{"Id":"1df05725-1b95-7fb7-e9c8-9951eee4353c","FullyQualifiedName":"BankingAppUnitTesting.CustomerRepositoryTest.UpdateEmailUpdate_Success_Test","DisplayName":"UpdateEmailUpdate_Success_Test","ExecutorUri":"executor://NUnit3TestExecutor","Source":"C:\\Johnny\\Assestment\\BankingAppSolution\\BankingAppUnitTesting\\bin\\Debug\\net6.0\\fine-code-coverage\\build-output\\BankingAppUnitTesting.dll","CodeFilePath":null,"LineNumber":0,"Properties":[{"Key":{"Id":"NUnit.Seed","Label":"Seed","Category":"","Description":"","Attributes":0,"ValueType":"System.String"},"Value":"629620974"}]},"Attachments":[],"Outcome":1,"ErrorMessage":null,"ErrorStackTrace":null,"DisplayName":"UpdateEmailUpdate_Success_Test","Messages":[],"ComputerName":"5CD413DKRZ","Duration":"00:00:00.0010670","StartTime":"2025-01-04T21:19:21.4582616+00:00","EndTime":"2025-01-04T21:19:21.4593281+00:00","Properties":[{"Key":{"Id":"NUnit.Seed","Label":"Seed","Category":"","Description":"","Attributes":0,"ValueType":"System.String"},"Value":"629620974"}]}],"TestRunStatistics":{"ExecutedTests":27,"Stats":{"Passed":27}},"ActiveTests":[{"Id":"741e3b04-a667-5cec-fa9d-712368a0df25","FullyQualifiedName":"BankingAppUnitTesting.CustomerRepositoryTest.UpdateFirstName_Success_Test","DisplayName":"UpdateFirstName_Success_Test","ExecutorUri":"executor://NUnit3TestExecutor","Source":"C:\\Johnny\\Assestment\\BankingAppSolution\\BankingAppUnitTesting\\bin\\Debug\\net6.0\\fine-code-coverage\\build-output\\BankingAppUnitTesting.dll","CodeFilePath":null,"LineNumber":0,"Properties":[{"Key":{"Id":"NUnit.Seed","Label":"Seed","Category":"","Description":"","Attributes":0,"ValueType":"System.String"},"Value":"458809600"}]}]}}
TpTrace Verbose: 0 : 20756, 12, 2025/01/05, 02:49:21.471, 562367673003, vstest.console.dll, TestRunRequest:SendTestRunStatsChange: Starting.
TpTrace Verbose: 0 : 20756, 12, 2025/01/05, 02:49:21.471, 562367673584, vstest.console.dll, InProgress is UpdateFirstName_Success_Test
TpTrace Verbose: 0 : 20756, 12, 2025/01/05, 02:49:21.471, 562367674427, vstest.console.dll, MulticastDelegateUtilities.SafeInvoke: TestRun.RunStatsChanged: Invoking callbacks was skipped because there are no subscribers.
TpTrace Information: 0 : 20756, 12, 2025/01/05, 02:49:21.471, 562367674757, vstest.console.dll, TestRunRequest:SendTestRunStatsChange: Completed.
TpTrace Verbose: 0 : 20756, 12, 2025/01/05, 02:49:21.471, 562367675075, vstest.console.dll, MulticastDelegateUtilities.SafeInvoke: LengthPrefixCommunicationChannel: MessageReceived: Invoking callback 1/1 for Microsoft.VisualStudio.TestPlatform.CommunicationUtilities.TestRequestSender+<>c__DisplayClass34_0., took 1 ms.
TpTrace Verbose: 0 : 20756, 12, 2025/01/05, 02:49:21.471, 562367675533, vstest.console.dll, TcpClientExtensions.MessageLoopAsync: Polling on remoteEndPoint: 127.0.0.1:57864 localEndPoint: 127.0.0.1:57863 after 174 ms
TpTrace Verbose: 0 : 20756, 4, 2025/01/05, 02:49:21.471, 562367675270, vstest.console.dll, MulticastDelegateUtilities.SafeInvoke: InternalTestLoggerEvents.SendTestResult: Invoking callback 1/1 for Microsoft.VisualStudio.TestPlatform.CommandLine.Internal.ConsoleLogger., took 0 ms.
TpTrace Verbose: 0 : 20756, 4, 2025/01/05, 02:49:21.471, 562367677074, vstest.console.dll, MulticastDelegateUtilities.SafeInvoke: InternalTestLoggerEvents.SendTestResult: Invoking callback 1/1 for Microsoft.VisualStudio.TestPlatform.CommandLine.Internal.ConsoleLogger., took 0 ms.
TpTrace Verbose: 0 : 20756, 4, 2025/01/05, 02:49:21.471, 562367677912, vstest.console.dll, MulticastDelegateUtilities.SafeInvoke: InternalTestLoggerEvents.SendTestResult: Invoking callback 1/1 for Microsoft.VisualStudio.TestPlatform.CommandLine.Internal.ConsoleLogger., took 0 ms.
TpTrace Verbose: 0 : 20756, 4, 2025/01/05, 02:49:21.473, 562367690446, vstest.console.dll, MulticastDelegateUtilities.SafeInvoke: InternalTestLoggerEvents.SendTestResult: Invoking callback 1/1 for Microsoft.VisualStudio.TestPlatform.CommandLine.Internal.ConsoleLogger., took 1 ms.
TpTrace Verbose: 0 : 20756, 4, 2025/01/05, 02:49:21.473, 562367691706, vstest.console.dll, MulticastDelegateUtilities.SafeInvoke: InternalTestLoggerEvents.SendTestResult: Invoking callback 1/1 for Microsoft.VisualStudio.TestPlatform.CommandLine.Internal.ConsoleLogger., took 0 ms.
TpTrace Verbose: 0 : 20756, 4, 2025/01/05, 02:49:21.473, 562367692345, vstest.console.dll, MulticastDelegateUtilities.SafeInvoke: InternalTestLoggerEvents.SendTestResult: Invoking callback 1/1 for Microsoft.VisualStudio.TestPlatform.CommandLine.Internal.ConsoleLogger., took 0 ms.
TpTrace Verbose: 0 : 20756, 4, 2025/01/05, 02:49:21.473, 562367692767, vstest.console.dll, MulticastDelegateUtilities.SafeInvoke: InternalTestLoggerEvents.SendTestResult: Invoking callback 1/1 for Microsoft.VisualStudio.TestPlatform.CommandLine.Internal.ConsoleLogger., took 0 ms.
TpTrace Verbose: 0 : 20756, 4, 2025/01/05, 02:49:21.473, 562367693091, vstest.console.dll, MulticastDelegateUtilities.SafeInvoke: InternalTestLoggerEvents.SendTestResult: Invoking callback 1/1 for Microsoft.VisualStudio.TestPlatform.CommandLine.Internal.ConsoleLogger., took 0 ms.
TpTrace Verbose: 0 : 20756, 4, 2025/01/05, 02:49:21.473, 562367693399, vstest.console.dll, MulticastDelegateUtilities.SafeInvoke: InternalTestLoggerEvents.SendTestResult: Invoking callback 1/1 for Microsoft.VisualStudio.TestPlatform.CommandLine.Internal.ConsoleLogger., took 0 ms.
TpTrace Verbose: 0 : 20756, 12, 2025/01/05, 02:49:21.493, 562367891318, vstest.console.dll, TcpClientExtensions.MessageLoopAsync: NotifyDataAvailable remoteEndPoint: 127.0.0.1:57864 localEndPoint: 127.0.0.1:57863
TpTrace Verbose: 0 : 20756, 12, 2025/01/05, 02:49:21.493, 562367894223, vstest.console.dll, TestRequestSender.OnExecutionMessageReceived: Received message: {"Version":7,"MessageType":"TestExecution.StatsChange","Payload":{"NewTestResults":[{"TestCase":{"Id":"741e3b04-a667-5cec-fa9d-712368a0df25","FullyQualifiedName":"BankingAppUnitTesting.CustomerRepositoryTest.UpdateFirstName_Success_Test","DisplayName":"UpdateFirstName_Success_Test","ExecutorUri":"executor://NUnit3TestExecutor","Source":"C:\\Johnny\\Assestment\\BankingAppSolution\\BankingAppUnitTesting\\bin\\Debug\\net6.0\\fine-code-coverage\\build-output\\BankingAppUnitTesting.dll","CodeFilePath":null,"LineNumber":0,"Properties":[{"Key":{"Id":"NUnit.Seed","Label":"Seed","Category":"","Description":"","Attributes":0,"ValueType":"System.String"},"Value":"458809600"}]},"Attachments":[],"Outcome":1,"ErrorMessage":null,"ErrorStackTrace":null,"DisplayName":"UpdateFirstName_Success_Test","Messages":[],"ComputerName":"5CD413DKRZ","Duration":"00:00:00.0009460","StartTime":"2025-01-04T21:19:21.4593416+00:00","EndTime":"2025-01-04T21:19:21.4602877+00:00","Properties":[{"Key":{"Id":"NUnit.Seed","Label":"Seed","Category":"","Description":"","Attributes":0,"ValueType":"System.String"},"Value":"458809600"}]},{"TestCase":{"Id":"cba5f533-9db0-2873-615f-a8d8fc535921","FullyQualifiedName":"BankingAppUnitTesting.CustomerRepositoryTest.UpdateLastName_Success_Test","DisplayName":"UpdateLastName_Success_Test","ExecutorUri":"executor://NUnit3TestExecutor","Source":"C:\\Johnny\\Assestment\\BankingAppSolution\\BankingAppUnitTesting\\bin\\Debug\\net6.0\\fine-code-coverage\\build-output\\BankingAppUnitTesting.dll","CodeFilePath":null,"LineNumber":0,"Properties":[{"Key":{"Id":"NUnit.Seed","Label":"Seed","Category":"","Description":"","Attributes":0,"ValueType":"System.String"},"Value":"444559591"}]},"Attachments":[],"Outcome":1,"ErrorMessage":null,"ErrorStackTrace":null,"DisplayName":"UpdateLastName_Success_Test","Messages":[],"ComputerName":"5CD413DKRZ","Duration":"00:00:00.0009240","StartTime":"2025-01-04T21:19:21.4603017+00:00","EndTime":"2025-01-04T21:19:21.4612256+00:00","Properties":[{"Key":{"Id":"NUnit.Seed","Label":"Seed","Category":"","Description":"","Attributes":0,"ValueType":"System.String"},"Value":"444559591"}]},{"TestCase":{"Id":"513eac9e-a0e0-9713-4533-65a74d353d65","FullyQualifiedName":"BankingAppUnitTesting.CustomerRepositoryTest.UpdatePhoneUpdate_Success_Test","DisplayName":"UpdatePhoneUpdate_Success_Test","ExecutorUri":"executor://NUnit3TestExecutor","Source":"C:\\Johnny\\Assestment\\BankingAppSolution\\BankingAppUnitTesting\\bin\\Debug\\net6.0\\fine-code-coverage\\build-output\\BankingAppUnitTesting.dll","CodeFilePath":null,"LineNumber":0,"Properties":[{"Key":{"Id":"NUnit.Seed","Label":"Seed","Category":"","Description":"","Attributes":0,"ValueType":"System.String"},"Value":"917830284"}]},"Attachments":[],"Outcome":1,"ErrorMessage":null,"ErrorStackTrace":null,"DisplayName":"UpdatePhoneUpdate_Success_Test","Messages":[],"ComputerName":"5CD413DKRZ","Duration":"00:00:00.0008240","StartTime":"2025-01-04T21:19:21.4612382+00:00","EndTime":"2025-01-04T21:19:21.4620622+00:00","Properties":[{"Key":{"Id":"NUnit.Seed","Label":"Seed","Category":"","Description":"","Attributes":0,"ValueType":"System.String"},"Value":"917830284"}]},{"TestCase":{"Id":"33b178a0-a7ca-30f4-9356-29ec77b24ee6","FullyQualifiedName":"BankingAppUnitTesting.CustomerServiceTest.CreateCustomer_Exception_Test","DisplayName":"CreateCustomer_Exception_Test","ExecutorUri":"executor://NUnit3TestExecutor","Source":"C:\\Johnny\\Assestment\\BankingAppSolution\\BankingAppUnitTesting\\bin\\Debug\\net6.0\\fine-code-coverage\\build-output\\BankingAppUnitTesting.dll","CodeFilePath":null,"LineNumber":0,"Properties":[{"Key":{"Id":"NUnit.Seed","Label":"Seed","Category":"","Description":"","Attributes":0,"ValueType":"System.String"},"Value":"1687139983"}]},"Attachments":[],"Outcome":1,"ErrorMessage":null,"ErrorStackTrace":null,"DisplayName":"CreateCustomer_Exception_Test","Messages":[],"ComputerName":"5CD413DKRZ","Duration":"00:00:00.0041020","StartTime":"2025-01-04T21:19:21.4621951+00:00","EndTime":"2025-01-04T21:19:21.466297+00:00","Properties":[{"Key":{"Id":"NUnit.Seed","Label":"Seed","Category":"","Description":"","Attributes":0,"ValueType":"System.String"},"Value":"1687139983"}]},{"TestCase":{"Id":"8a08e69f-4236-fefb-197b-67476f27f500","FullyQualifiedName":"BankingAppUnitTesting.CustomerServiceTest.CreateCustomer_Success","DisplayName":"CreateCustomer_Success","ExecutorUri":"executor://NUnit3TestExecutor","Source":"C:\\Johnny\\Assestment\\BankingAppSolution\\BankingAppUnitTesting\\bin\\Debug\\net6.0\\fine-code-coverage\\build-output\\BankingAppUnitTesting.dll","CodeFilePath":null,"LineNumber":0,"Properties":[{"Key":{"Id":"NUnit.Seed","Label":"Seed","Category":"","Description":"","Attributes":0,"ValueType":"System.String"},"Value":"1210754479"}]},"Attachments":[],"Outcome":1,"ErrorMessage":null,"ErrorStackTrace":null,"DisplayName":"CreateCustomer_Success","Messages":[],"ComputerName":"5CD413DKRZ","Duration":"00:00:00.0010020","StartTime":"2025-01-04T21:19:21.4663675+00:00","EndTime":"2025-01-04T21:19:21.4673699+00:00","Properties":[{"Key":{"Id":"NUnit.Seed","Label":"Seed","Category":"","Description":"","Attributes":0,"ValueType":"System.String"},"Value":"1210754479"}]},{"TestCase":{"Id":"34e8e466-506f-e401-52f7-cde2c2ccf685","FullyQualifiedName":"BankingAppUnitTesting.CustomerServiceTest.Delete_Success_Test","DisplayName":"Delete_Success_Test","ExecutorUri":"executor://NUnit3TestExecutor","Source":"C:\\Johnny\\Assestment\\BankingAppSolution\\BankingAppUnitTesting\\bin\\Debug\\net6.0\\fine-code-coverage\\build-output\\BankingAppUnitTesting.dll","CodeFilePath":null,"LineNumber":0,"Properties":[{"Key":{"Id":"NUnit.Seed","Label":"Seed","Category":"","Description":"","Attributes":0,"ValueType":"System.String"},"Value":"1246990726"}]},"Attachments":[],"Outcome":1,"ErrorMessage":null,"ErrorStackTrace":null,"DisplayName":"Delete_Success_Test","Messages":[],"ComputerName":"5CD413DKRZ","Duration":"00:00:00.0012610","StartTime":"2025-01-04T21:19:21.4673833+00:00","EndTime":"2025-01-04T21:19:21.468644+00:00","Properties":[{"Key":{"Id":"NUnit.Seed","Label":"Seed","Category":"","Description":"","Attributes":0,"ValueType":"System.String"},"Value":"1246990726"}]},{"TestCase":{"Id":"c601acc4-573a-c760-309d-fe309af67f7e","FullyQualifiedName":"BankingAppUnitTesting.CustomerServiceTest.Get_Failed_InvalidOperatorException","DisplayName":"Get_Failed_InvalidOperatorException","ExecutorUri":"executor://NUnit3TestExecutor","Source":"C:\\Johnny\\Assestment\\BankingAppSolution\\BankingAppUnitTesting\\bin\\Debug\\net6.0\\fine-code-coverage\\build-output\\BankingAppUnitTesting.dll","CodeFilePath":null,"LineNumber":0,"Properties":[{"Key":{"Id":"NUnit.Seed","Label":"Seed","Category":"","Description":"","Attributes":0,"ValueType":"System.String"},"Value":"578914276"}]},"Attachments":[],"Outcome":1,"ErrorMessage":null,"ErrorStackTrace":null,"DisplayName":"Get_Failed_InvalidOperatorException","Messages":[],"ComputerName":"5CD413DKRZ","Duration":"00:00:00.0018960","StartTime":"2025-01-04T21:19:21.4686577+00:00","EndTime":"2025-01-04T21:19:21.470554+00:00","Properties":[{"Key":{"Id":"NUnit.Seed","Label":"Seed","Category":"","Description":"","Attributes":0,"ValueType":"System.String"},"Value":"578914276"}]},{"TestCase":{"Id":"81cd2284-626d-34c5-f670-b7fa92f8db21","FullyQualifiedName":"BankingAppUnitTesting.CustomerServiceTest.Get_Success","DisplayName":"Get_Success","ExecutorUri":"executor://NUnit3TestExecutor","Source":"C:\\Johnny\\Assestment\\BankingAppSolution\\BankingAppUnitTesting\\bin\\Debug\\net6.0\\fine-code-coverage\\build-output\\BankingAppUnitTesting.dll","CodeFilePath":null,"LineNumber":0,"Properties":[{"Key":{"Id":"NUnit.Seed","Label":"Seed","Category":"","Description":"","Attributes":0,"ValueType":"System.String"},"Value":"1042427170"}]},"Attachments":[],"Outcome":1,"ErrorMessage":null,"ErrorStackTrace":null,"DisplayName":"Get_Success","Messages":[],"ComputerName":"5CD413DKRZ","Duration":"00:00:00.0008140","StartTime":"2025-01-04T21:19:21.4705725+00:00","EndTime":"2025-01-04T21:19:21.4713864+00:00","Properties":[{"Key":{"Id":"NUnit.Seed","Label":"Seed","Category":"","Description":"","Attributes":0,"ValueType":"System.String"},"Value":"1042427170"}]},{"TestCase":{"Id":"6358b32a-3896-e7f2-0245-27982d5fc7b6","FullyQualifiedName":"BankingAppUnitTesting.CustomerServiceTest.GetAll_Success_Test","DisplayName":"GetAll_Success_Test","ExecutorUri":"executor://NUnit3TestExecutor","Source":"C:\\Johnny\\Assestment\\BankingAppSolution\\BankingAppUnitTesting\\bin\\Debug\\net6.0\\fine-code-coverage\\build-output\\BankingAppUnitTesting.dll","CodeFilePath":null,"LineNumber":0,"Properties":[{"Key":{"Id":"NUnit.Seed","Label":"Seed","Category":"","Description":"","Attributes":0,"ValueType":"System.String"},"Value":"1007538171"}]},"Attachments":[],"Outcome":1,"ErrorMessage":null,"ErrorStackTrace":null,"DisplayName":"GetAll_Success_Test","Messages":[],"ComputerName":"5CD413DKRZ","Duration":"00:00:00.0029950","StartTime":"2025-01-04T21:19:21.4713993+00:00","EndTime":"2025-01-04T21:19:21.4743943+00:00","Properties":[{"Key":{"Id":"NUnit.Seed","Label":"Seed","Category":"","Description":"","Attributes":0,"ValueType":"System.String"},"Value":"1007538171"}]}],"TestRunStatistics":{"ExecutedTests":36,"Stats":{"Passed":36}},"ActiveTests":[{"Id":"90eb77bb-7777-ba94-d053-2a2eba06725e","FullyQualifiedName":"BankingAppUnitTesting.CustomerServiceTest.Update_Success_Test","DisplayName":"Update_Success_Test","ExecutorUri":"executor://NUnit3TestExecutor","Source":"C:\\Johnny\\Assestment\\BankingAppSolution\\BankingAppUnitTesting\\bin\\Debug\\net6.0\\fine-code-coverage\\build-output\\BankingAppUnitTesting.dll","CodeFilePath":null,"LineNumber":0,"Properties":[{"Key":{"Id":"NUnit.Seed","Label":"Seed","Category":"","Description":"","Attributes":0,"ValueType":"System.String"},"Value":"1083644785"}]}]}}
TpTrace Verbose: 0 : 20756, 12, 2025/01/05, 02:49:21.498, 562367949924, vstest.console.dll, TestRunRequest:SendTestRunStatsChange: Starting.
TpTrace Verbose: 0 : 20756, 12, 2025/01/05, 02:49:21.499, 562367950723, vstest.console.dll, InProgress is Update_Success_Test
TpTrace Verbose: 0 : 20756, 12, 2025/01/05, 02:49:21.499, 562367951376, vstest.console.dll, MulticastDelegateUtilities.SafeInvoke: TestRun.RunStatsChanged: Invoking callbacks was skipped because there are no subscribers.
TpTrace Information: 0 : 20756, 12, 2025/01/05, 02:49:21.499, 562367951691, vstest.console.dll, TestRunRequest:SendTestRunStatsChange: Completed.
TpTrace Verbose: 0 : 20756, 12, 2025/01/05, 02:49:21.499, 562367952051, vstest.console.dll, MulticastDelegateUtilities.SafeInvoke: LengthPrefixCommunicationChannel: MessageReceived: Invoking callback 1/1 for Microsoft.VisualStudio.TestPlatform.CommunicationUtilities.TestRequestSender+<>c__DisplayClass34_0., took 5 ms.
TpTrace Verbose: 0 : 20756, 4, 2025/01/05, 02:49:21.499, 562367952092, vstest.console.dll, MulticastDelegateUtilities.SafeInvoke: InternalTestLoggerEvents.SendTestResult: Invoking callback 1/1 for Microsoft.VisualStudio.TestPlatform.CommandLine.Internal.ConsoleLogger., took 0 ms.
TpTrace Verbose: 0 : 20756, 12, 2025/01/05, 02:49:21.499, 562367952430, vstest.console.dll, TcpClientExtensions.MessageLoopAsync: Polling on remoteEndPoint: 127.0.0.1:57864 localEndPoint: 127.0.0.1:57863 after 27 ms
TpTrace Verbose: 0 : 20756, 4, 2025/01/05, 02:49:21.499, 562367953289, vstest.console.dll, MulticastDelegateUtilities.SafeInvoke: InternalTestLoggerEvents.SendTestResult: Invoking callback 1/1 for Microsoft.VisualStudio.TestPlatform.CommandLine.Internal.ConsoleLogger., took 0 ms.
TpTrace Verbose: 0 : 20756, 4, 2025/01/05, 02:49:21.499, 562367953799, vstest.console.dll, MulticastDelegateUtilities.SafeInvoke: InternalTestLoggerEvents.SendTestResult: Invoking callback 1/1 for Microsoft.VisualStudio.TestPlatform.CommandLine.Internal.ConsoleLogger., took 0 ms.
TpTrace Verbose: 0 : 20756, 4, 2025/01/05, 02:49:21.499, 562367954234, vstest.console.dll, MulticastDelegateUtilities.SafeInvoke: InternalTestLoggerEvents.SendTestResult: Invoking callback 1/1 for Microsoft.VisualStudio.TestPlatform.CommandLine.Internal.ConsoleLogger., took 0 ms.
TpTrace Verbose: 0 : 20756, 4, 2025/01/05, 02:49:21.499, 562367954549, vstest.console.dll, MulticastDelegateUtilities.SafeInvoke: InternalTestLoggerEvents.SendTestResult: Invoking callback 1/1 for Microsoft.VisualStudio.TestPlatform.CommandLine.Internal.ConsoleLogger., took 0 ms.
TpTrace Verbose: 0 : 20756, 4, 2025/01/05, 02:49:21.499, 562367954862, vstest.console.dll, MulticastDelegateUtilities.SafeInvoke: InternalTestLoggerEvents.SendTestResult: Invoking callback 1/1 for Microsoft.VisualStudio.TestPlatform.CommandLine.Internal.ConsoleLogger., took 0 ms.
TpTrace Verbose: 0 : 20756, 4, 2025/01/05, 02:49:21.499, 562367955169, vstest.console.dll, MulticastDelegateUtilities.SafeInvoke: InternalTestLoggerEvents.SendTestResult: Invoking callback 1/1 for Microsoft.VisualStudio.TestPlatform.CommandLine.Internal.ConsoleLogger., took 0 ms.
TpTrace Verbose: 0 : 20756, 4, 2025/01/05, 02:49:21.499, 562367955474, vstest.console.dll, MulticastDelegateUtilities.SafeInvoke: InternalTestLoggerEvents.SendTestResult: Invoking callback 1/1 for Microsoft.VisualStudio.TestPlatform.CommandLine.Internal.ConsoleLogger., took 0 ms.
TpTrace Verbose: 0 : 20756, 4, 2025/01/05, 02:49:21.499, 562367955784, vstest.console.dll, MulticastDelegateUtilities.SafeInvoke: InternalTestLoggerEvents.SendTestResult: Invoking callback 1/1 for Microsoft.VisualStudio.TestPlatform.CommandLine.Internal.ConsoleLogger., took 0 ms.
TpTrace Verbose: 0 : 20756, 12, 2025/01/05, 02:49:21.510, 562368066955, vstest.console.dll, TcpClientExtensions.MessageLoopAsync: NotifyDataAvailable remoteEndPoint: 127.0.0.1:57864 localEndPoint: 127.0.0.1:57863
TpTrace Verbose: 0 : 20756, 12, 2025/01/05, 02:49:21.510, 562368068370, vstest.console.dll, TestRequestSender.OnExecutionMessageReceived: Received message: {"Version":7,"MessageType":"TestSession.Message","Payload":{"MessageLevel":0,"Message":"NUnit Adapter 4.4.0.0: Test execution complete"}}
TpTrace Verbose: 0 : 20756, 12, 2025/01/05, 02:49:21.510, 562368069920, vstest.console.dll, TestRunRequest:SendTestRunMessage: Starting.
TpTrace Verbose: 0 : 20756, 12, 2025/01/05, 02:49:21.511, 562368070624, vstest.console.dll, MulticastDelegateUtilities.SafeInvoke: TestRun.LogMessages: Invoking callback 1/1 for Microsoft.VisualStudio.TestPlatform.CommandLine.TestRunResultAggregator., took 0 ms.
TpTrace Information: 0 : 20756, 12, 2025/01/05, 02:49:21.511, 562368070963, vstest.console.dll, TestRunRequest:SendTestRunMessage: Completed.
TpTrace Verbose: 0 : 20756, 12, 2025/01/05, 02:49:21.511, 562368071256, vstest.console.dll, MulticastDelegateUtilities.SafeInvoke: LengthPrefixCommunicationChannel: MessageReceived: Invoking callback 1/1 for Microsoft.VisualStudio.TestPlatform.CommunicationUtilities.TestRequestSender+<>c__DisplayClass34_0., took 0 ms.
TpTrace Verbose: 0 : 20756, 12, 2025/01/05, 02:49:21.511, 562368071583, vstest.console.dll, TcpClientExtensions.MessageLoopAsync: Polling on remoteEndPoint: 127.0.0.1:57864 localEndPoint: 127.0.0.1:57863 after 11 ms
TpTrace Verbose: 0 : 20756, 4, 2025/01/05, 02:49:21.511, 562368072328, vstest.console.dll, MulticastDelegateUtilities.SafeInvoke: InternalTestLoggerEvents.SendTestRunMessage: Invoking callback 1/1 for Microsoft.VisualStudio.TestPlatform.CommandLine.Internal.ConsoleLogger., took 0 ms.
TpTrace Verbose: 0 : 20756, 12, 2025/01/05, 02:49:21.526, 562368220346, vstest.console.dll, TcpClientExtensions.MessageLoopAsync: NotifyDataAvailable remoteEndPoint: 127.0.0.1:57864 localEndPoint: 127.0.0.1:57863
TpTrace Verbose: 0 : 20756, 12, 2025/01/05, 02:49:21.526, 562368221928, vstest.console.dll, TestRequestSender.OnExecutionMessageReceived: Received message: {"Version":7,"MessageType":"TestExecution.Completed","Payload":{"TestRunCompleteArgs":{"TestRunStatistics":{"ExecutedTests":37,"Stats":{"Passed":37}},"IsCanceled":false,"IsAborted":false,"Error":null,"AttachmentSets":[],"InvokedDataCollectors":[],"ElapsedTimeInRunningTests":"00:00:01.2197304","Metrics":{},"DiscoveredExtensions":{"TestDiscoverers":["NUnit.VisualStudio.TestAdapter.NUnit3TestDiscoverer, NUnit3.TestAdapter, Version=4.4.0.0, Culture=neutral, PublicKeyToken=4cb40d35494691ac"],"TestExecutors":["executor://NUnit3TestExecutor"],"TestExecutors2":[],"TestSettingsProviders":[]}},"LastRunTests":{"NewTestResults":[{"TestCase":{"Id":"90eb77bb-7777-ba94-d053-2a2eba06725e","FullyQualifiedName":"BankingAppUnitTesting.CustomerServiceTest.Update_Success_Test","DisplayName":"Update_Success_Test","ExecutorUri":"executor://NUnit3TestExecutor","Source":"C:\\Johnny\\Assestment\\BankingAppSolution\\BankingAppUnitTesting\\bin\\Debug\\net6.0\\fine-code-coverage\\build-output\\BankingAppUnitTesting.dll","CodeFilePath":null,"LineNumber":0,"Properties":[{"Key":{"Id":"NUnit.Seed","Label":"Seed","Category":"","Description":"","Attributes":0,"ValueType":"System.String"},"Value":"1083644785"}]},"Attachments":[],"Outcome":1,"ErrorMessage":null,"ErrorStackTrace":null,"DisplayName":"Update_Success_Test","Messages":[],"ComputerName":"5CD413DKRZ","Duration":"00:00:00.0271020","StartTime":"2025-01-04T21:19:21.4744188+00:00","EndTime":"2025-01-04T21:19:21.5015209+00:00","Properties":[{"Key":{"Id":"NUnit.Seed","Label":"Seed","Category":"","Description":"","Attributes":0,"ValueType":"System.String"},"Value":"1083644785"}]}],"TestRunStatistics":{"ExecutedTests":37,"Stats":{"Passed":37}},"ActiveTests":[]},"RunAttachments":[],"ExecutorUris":["executor://nunit3testexecutor/"]}}
TpTrace Verbose: 0 : 20756, 12, 2025/01/05, 02:49:21.526, 562368222722, vstest.console.dll, TestRequestSender.EndSession: Sending end session.
TpTrace Verbose: 0 : 20756, 12, 2025/01/05, 02:49:21.526, 562368224443, vstest.console.dll, ProxyOperationManager.Close: waiting for test host to exit for 100 ms
TpTrace Warning: 0 : 20756, 11, 2025/01/05, 02:49:21.539, 562368356966, vstest.console.dll, TestHostManagerCallbacks.ErrorReceivedCallback Test host standard error line: 
TpTrace Verbose: 0 : 20756, 7, 2025/01/05, 02:49:21.539, 562368356943, vstest.console.dll, TestHostManagerCallbacks.StandardOutputReceivedCallback Test host standard output line: 
TpTrace Verbose: 0 : 20756, 11, 2025/01/05, 02:49:21.548, 562368446985, vstest.console.dll, TestHostProvider.ExitCallBack: Host exited starting callback.
TpTrace Information: 0 : 20756, 11, 2025/01/05, 02:49:21.548, 562368448373, vstest.console.dll, TestHostManagerCallbacks.ExitCallBack: Testhost processId: 28744 exited with exitcode: 0 error: ''
TpTrace Verbose: 0 : 20756, 11, 2025/01/05, 02:49:21.548, 562368448772, vstest.console.dll, DotnetTestHostManager.OnHostExited: invoking OnHostExited callback
TpTrace Verbose: 0 : 20756, 11, 2025/01/05, 02:49:21.548, 562368449234, vstest.console.dll, CrossPlatEngine.TestHostManagerHostExited: calling on client process exit callback.
TpTrace Information: 0 : 20756, 11, 2025/01/05, 02:49:21.548, 562368449745, vstest.console.dll, TestRequestSender.OnClientProcessExit: Test host process exited. Standard error: 
TpTrace Information: 0 : 20756, 12, 2025/01/05, 02:49:21.548, 562368450018, vstest.console.dll, SocketServer.Stop: Stop server endPoint: 127.0.0.1:57863
TpTrace Information: 0 : 20756, 12, 2025/01/05, 02:49:21.549, 562368450892, vstest.console.dll, SocketServer.Stop: Cancellation requested. Stopping message loop.
TpTrace Information: 0 : 20756, 11, 2025/01/05, 02:49:21.548, 562368450164, vstest.console.dll, SocketServer.Stop: Stop server endPoint: 127.0.0.1:57863
TpTrace Information: 0 : 20756, 11, 2025/01/05, 02:49:21.549, 562368451668, vstest.console.dll, SocketServer.Stop: Cancellation requested. Stopping message loop.
TpTrace Information: 0 : 20756, 12, 2025/01/05, 02:49:21.549, 562368452083, vstest.console.dll, Closing the connection
TpTrace Verbose: 0 : 20756, 11, 2025/01/05, 02:49:21.549, 562368452075, vstest.console.dll, MulticastDelegateUtilities.SafeInvoke: HostProviderEvents.OnHostExited: Invoking callback 1/1 for Microsoft.VisualStudio.TestPlatform.CrossPlatEngine.Client.ProxyOperationManager., took 0 ms.
TpTrace Verbose: 0 : 20756, 12, 2025/01/05, 02:49:21.549, 562368454227, vstest.console.dll, ProxyDataCollectionManager.InvokeDataCollectionServiceAction: Starting.
TpTrace Information: 0 : 20756, 12, 2025/01/05, 02:49:21.549, 562368454708, vstest.console.dll, ProxyDataCollectionManager.AfterTestRunEnd: Get attachment set and invoked data collectors processId: 27060 port: 57860
TpTrace Verbose: 0 : 20756, 12, 2025/01/05, 02:49:21.549, 562368455146, vstest.console.dll, DataCollectionRequestSender.SendAfterTestRunStartAndGetResult: Send AfterTestRunEnd message with isCancelled: False
TpTrace Verbose: 0 : 20756, 12, 2025/01/05, 02:49:21.555, 562368517399, vstest.console.dll, DataCollectionRequestSender.SendAfterTestRunStartAndGetResult: Received message: (DataCollection.AfterTestRunEndResult) -> {"MessageType":"DataCollection.AfterTestRunEndResult","Payload":{"AttachmentSets":[],"InvokedDataCollectors":[{"Uri":"datacollector://Microsoft/TestPlatform/Extensions/Blame/v1","FriendlyName":"Blame","AssemblyQualifiedName":"Microsoft.TestPlatform.Extensions.BlameDataCollector.BlameCollector, Microsoft.TestPlatform.Extensions.BlameDataCollector, Version=15.0.0.0, Culture=neutral, PublicKeyToken=b03f5f7f11d50a3a","FilePath":"C:\\Program Files\\dotnet\\sdk\\8.0.400\\Extensions\\Microsoft.TestPlatform.Extensions.BlameDataCollector.dll","HasAttachmentProcessor":false}],"Metrics":{}}}
TpTrace Information: 0 : 20756, 12, 2025/01/05, 02:49:21.560, 562368563147, vstest.console.dll, ProxyDataCollectionManager.InvokeDataCollectionServiceAction: Completed.
TpTrace Warning: 0 : 20756, 10, 2025/01/05, 02:49:21.561, 562368577766, vstest.console.dll, DataCollectionLauncher.ErrorReceivedCallback datacollector standard error line: 
TpTrace Information: 0 : 20756, 10, 2025/01/05, 02:49:21.569, 562368650356, vstest.console.dll, DataCollectionLauncher.ExitCallBack: Data collector exited with exitcode: 0 error: ''
TpTrace Verbose: 0 : 20756, 12, 2025/01/05, 02:49:21.582, 562368782687, vstest.console.dll, TestRunRequest:SendTestRunStatsChange: Starting.
TpTrace Verbose: 0 : 20756, 12, 2025/01/05, 02:49:21.582, 562368783929, vstest.console.dll, MulticastDelegateUtilities.SafeInvoke: TestRun.RunStatsChanged: Invoking callbacks was skipped because there are no subscribers.
TpTrace Information: 0 : 20756, 12, 2025/01/05, 02:49:21.582, 562368784368, vstest.console.dll, TestRunRequest:SendTestRunStatsChange: Completed.
TpTrace Verbose: 0 : 20756, 4, 2025/01/05, 02:49:21.582, 562368784837, vstest.console.dll, MulticastDelegateUtilities.SafeInvoke: InternalTestLoggerEvents.SendTestResult: Invoking callback 1/1 for Microsoft.VisualStudio.TestPlatform.CommandLine.Internal.ConsoleLogger., took 0 ms.
TpTrace Verbose: 0 : 20756, 12, 2025/01/05, 02:49:21.582, 562368786498, vstest.console.dll, ParallelProxyExecutionManager: HandlePartialRunComplete: Total workloads = 1, Total started clients = 1 Total completed clients = 1, Run complete = True, Run canceled: False.
TpTrace Verbose: 0 : 20756, 12, 2025/01/05, 02:49:21.582, 562368786922, vstest.console.dll, ParallelProxyExecutionManager: HandlePartialRunComplete: All runs completed stopping all managers.
TpTrace Verbose: 0 : 20756, 12, 2025/01/05, 02:49:21.582, 562368787245, vstest.console.dll, ParallelOperationManager.StopAllManagers: Stopping all managers.
TpTrace Verbose: 0 : 20756, 12, 2025/01/05, 02:49:21.582, 562368787530, vstest.console.dll, ParallelOperationManager.ClearSlots: Clearing all slots. Slots should accept more work: False
TpTrace Verbose: 0 : 20756, 12, 2025/01/05, 02:49:21.582, 562368787918, vstest.console.dll, ParallelOperationManager.SetOccupiedSlotCount: Setting slot counts AvailableSlotCount = 1, OccupiedSlotCount = 0.
TpTrace Verbose: 0 : 20756, 12, 2025/01/05, 02:49:21.582, 562368788363, vstest.console.dll, Occupied slots:

TpTrace Verbose: 0 : 20756, 4, 2025/01/05, 02:49:21.588, 562368843033, vstest.console.dll, MulticastDelegateUtilities.SafeInvoke: InternalTestLoggerEvents.SendTestRunComplete: Invoking callback 1/2 for Microsoft.TestPlatform.Extensions.BlameDataCollector.BlameLogger., took 0 ms.
TpTrace Verbose: 0 : 20756, 4, 2025/01/05, 02:49:21.592, 562368889506, vstest.console.dll, MulticastDelegateUtilities.SafeInvoke: InternalTestLoggerEvents.SendTestRunComplete: Invoking callback 2/2 for Microsoft.VisualStudio.TestPlatform.CommandLine.Internal.ConsoleLogger., took 4 ms.
TpTrace Verbose: 0 : 20756, 12, 2025/01/05, 02:49:21.593, 562368894437, vstest.console.dll, TestRunRequest:TestRunComplete: Starting. IsAborted:False IsCanceled:False.
TpTrace Verbose: 0 : 20756, 12, 2025/01/05, 02:49:21.593, 562368896040, vstest.console.dll, ParallelOperationManager.DoActionOnAllManagers: Calling an action on all managers.
TpTrace Verbose: 0 : 20756, 12, 2025/01/05, 02:49:21.594, 562368902761, vstest.console.dll, TestLoggerManager.HandleTestRunComplete: Ignoring as the object is disposed.
TpTrace Verbose: 0 : 20756, 12, 2025/01/05, 02:49:21.594, 562368904304, vstest.console.dll, MulticastDelegateUtilities.SafeInvoke: TestRun.TestRunComplete: Invoking callback 1/2 for Microsoft.VisualStudio.TestPlatform.CommandLine.TestRunResultAggregator., took 0 ms.
TpTrace Verbose: 0 : 20756, 12, 2025/01/05, 02:49:21.594, 562368905336, vstest.console.dll, MulticastDelegateUtilities.SafeInvoke: TestRun.TestRunComplete: Invoking callback 2/2 for Microsoft.VisualStudio.TestPlatform.CommandLine.Processors.RunTestsArgumentExecutor+TestRunRequestEventsRegistrar., took 0 ms.
TpTrace Information: 0 : 20756, 12, 2025/01/05, 02:49:21.594, 562368906136, vstest.console.dll, TestRunRequest:TestRunComplete: Completed.
TpTrace Verbose: 0 : 20756, 12, 2025/01/05, 02:49:21.594, 562368906537, vstest.console.dll, TestRequestSender.SetOperationComplete: Setting operation complete.
TpTrace Verbose: 0 : 20756, 1, 2025/01/05, 02:49:21.594, 562368906695, vstest.console.dll, TestRunRequest.Dispose: Starting.
TpTrace Information: 0 : 20756, 12, 2025/01/05, 02:49:21.594, 562368906825, vstest.console.dll, SocketServer.Stop: Stop server endPoint: 127.0.0.1:57863
TpTrace Information: 0 : 20756, 12, 2025/01/05, 02:49:21.594, 562368908003, vstest.console.dll, SocketServer.Stop: Cancellation requested. Stopping message loop.
TpTrace Information: 0 : 20756, 1, 2025/01/05, 02:49:21.594, 562368907580, vstest.console.dll, TestRunRequest.Dispose: Completed.
TpTrace Verbose: 0 : 20756, 12, 2025/01/05, 02:49:21.594, 562368908515, vstest.console.dll, MulticastDelegateUtilities.SafeInvoke: LengthPrefixCommunicationChannel: MessageReceived: Invoking callback 1/1 for Microsoft.VisualStudio.TestPlatform.CommunicationUtilities.TestRequestSender+<>c__DisplayClass34_0., took 68 ms.
TpTrace Information: 0 : 20756, 1, 2025/01/05, 02:49:21.594, 562368908986, vstest.console.dll, TestRequestManager.RunTests: run tests completed.
TpTrace Information: 0 : 20756, 12, 2025/01/05, 02:49:21.594, 562368909825, vstest.console.dll, SocketServer.PrivateStop: Stopping server endPoint: 127.0.0.1:57863 error: 
TpTrace Information: 0 : 20756, 1, 2025/01/05, 02:49:21.594, 562368909966, vstest.console.dll, RunTestsArgumentProcessor:Execute: Test run is completed.
TpTrace Verbose: 0 : 20756, 1, 2025/01/05, 02:49:21.595, 562368912201, vstest.console.dll, Executor.Execute: Exiting with exit code of 0
TpTrace Verbose: 0 : 20756, 12, 2025/01/05, 02:49:21.595, 562368914026, vstest.console.dll, LengthPrefixCommunicationChannel.Dispose: Dispose reader and writer.
TpTrace Information: 0 : 20756, 12, 2025/01/05, 02:49:21.595, 562368914733, vstest.console.dll, SocketServer.Stop: Raise disconnected event endPoint: 127.0.0.1:57863 error: 
TpTrace Verbose: 0 : 20756, 12, 2025/01/05, 02:49:21.595, 562368915379, vstest.console.dll, TestRequestSender: OnTestRunAbort: Operation is already complete. Skip error message.
TpTrace Verbose: 0 : 20756, 12, 2025/01/05, 02:49:21.595, 562368915739, vstest.console.dll, MulticastDelegateUtilities.SafeInvoke: SocketServer: ClientDisconnected: Invoking callback 1/1 for Microsoft.VisualStudio.TestPlatform.CommunicationUtilities.TestRequestSender., took 0 ms.
TpTrace Verbose: 0 : 20756, 12, 2025/01/05, 02:49:21.595, 562368916037, vstest.console.dll, TcpClientExtensions.MessageLoopAsync: exiting MessageLoopAsync remoteEndPoint: 127.0.0.1:57864 localEndPoint: 127.0.0.1:57863
